============================= test session starts ==============================
platform darwin -- Python 3.6.5, pytest-3.5.1, py-1.5.3, pluggy-0.6.0
rootdir: /Users/vivien/school/ase/NewsServer, inifile:
plugins: remotedata-0.2.1, openfiles-0.3.0, doctestplus-0.1.3, cov-2.6.0, arraydiff-0.2
collected 10 items

tests/test_article.py .....                                              [ 50%]
tests/test_news_server.py .....                                          [100%]

---------- coverage: platform darwin, python 3.6.5-final-0 -----------
Name                        Stmts   Miss  Cover
-----------------------------------------------
Article.py                     75     11    85%
news_server.py                 86     56    35%
parsers.py                     16      1    94%
tests/test_article.py          42      4    90%
tests/test_news_server.py      29      0   100%
-----------------------------------------------
TOTAL                         248     72    71%


========================== 10 passed in 10.10 seconds ==========================
