============================= test session starts ==============================
platform darwin -- Python 3.6.3, pytest-3.2.1, py-1.4.34, pluggy-0.4.0
rootdir: /Users/mayli/Desktop/NewsServer, inifile:
plugins: cov-2.6.0
collected 29 items

tests/test_article.py .......
tests/test_model.py .
tests/test_news_server.py .....
tests/test_news_server_analytics.py ......F
tests/test_news_server_search.py FF.FFFFF
tests/test_news_server_trending.py F

---------- coverage: platform darwin, python 3.6.3-final-0 -----------
Name                                  Stmts   Miss  Cover
---------------------------------------------------------
Article.py                               93      3    97%
models.py                               121     88    27%
news_server.py                          138     46    67%
parsers.py                               16      0   100%
tests/test_article.py                    42      0   100%
tests/test_model.py                      60      6    90%
tests/test_news_server.py                34      0   100%
tests/test_news_server_analytics.py      83      7    92%
tests/test_news_server_search.py         59     23    61%
tests/test_news_server_trending.py       23      7    70%
trainingSetCollector.py                  19     19     0%
---------------------------------------------------------
TOTAL                                   688    199    71%


=================================== FAILURES ===================================
_____________ FlaskClientTest.test_analytics_topic_with_history_2 ______________

self = <urllib3.connection.VerifiedHTTPSConnection object at 0x1a137f2e48>

    def _new_conn(self):
        """ Establish a socket connection and set nodelay settings on it.
    
            :return: New socket connection.
            """
        extra_kw = {}
        if self.source_address:
            extra_kw['source_address'] = self.source_address
    
        if self.socket_options:
            extra_kw['socket_options'] = self.socket_options
    
        try:
            conn = connection.create_connection(
>               (self.host, self.port), self.timeout, **extra_kw)

../../anaconda3/lib/python3.6/site-packages/urllib3/connection.py:141: 
_ _ _ _ _ _ _ _ _ _ _ _ _ _ _ _ _ _ _ _ _ _ _ _ _ _ _ _ _ _ _ _ _ _ _ _ _ _ _ _ 

address = ('newsapi.org', 443), timeout = None, source_address = None
socket_options = [(6, 1, 1)]

    def create_connection(address, timeout=socket._GLOBAL_DEFAULT_TIMEOUT,
                          source_address=None, socket_options=None):
        """Connect to *address* and return the socket object.
    
        Convenience function.  Connect to *address* (a 2-tuple ``(host,
        port)``) and return the socket object.  Passing the optional
        *timeout* parameter will set the timeout on the socket instance
        before attempting to connect.  If no *timeout* is supplied, the
        global default timeout setting returned by :func:`getdefaulttimeout`
        is used.  If *source_address* is set it must be a tuple of (host, port)
        for the socket to bind as a source address before making the connection.
        An host of '' or port 0 tells the OS to use the default.
        """
    
        host, port = address
        if host.startswith('['):
            host = host.strip('[]')
        err = None
    
        # Using the value from allowed_gai_family() in the context of getaddrinfo lets
        # us select whether to work with IPv4 DNS records, IPv6 records, or both.
        # The original create_connection function always returns all records.
        family = allowed_gai_family()
    
>       for res in socket.getaddrinfo(host, port, family, socket.SOCK_STREAM):

../../anaconda3/lib/python3.6/site-packages/urllib3/util/connection.py:60: 
_ _ _ _ _ _ _ _ _ _ _ _ _ _ _ _ _ _ _ _ _ _ _ _ _ _ _ _ _ _ _ _ _ _ _ _ _ _ _ _ 

host = 'newsapi.org', port = 443, family = <AddressFamily.AF_UNSPEC: 0>
type = <SocketKind.SOCK_STREAM: 1>, proto = 0, flags = 0

    def getaddrinfo(host, port, family=0, type=0, proto=0, flags=0):
        """Resolve host and port into list of address info entries.
    
        Translate the host/port argument into a sequence of 5-tuples that contain
        all the necessary arguments for creating a socket connected to that service.
        host is a domain name, a string representation of an IPv4/v6 address or
        None. port is a string service name such as 'http', a numeric port number or
        None. By passing None as the value of host and port, you can pass NULL to
        the underlying C API.
    
        The family, type and proto arguments can be optionally specified in order to
        narrow the list of addresses returned. Passing zero as a value for each of
        these arguments selects the full range of results.
        """
        # We override this function since we want to translate the numeric family
        # and socket type values to enum constants.
        addrlist = []
>       for res in _socket.getaddrinfo(host, port, family, type, proto, flags):
E       socket.gaierror: [Errno 8] nodename nor servname provided, or not known

../../anaconda3/lib/python3.6/socket.py:745: gaierror

During handling of the above exception, another exception occurred:

self = <urllib3.connectionpool.HTTPSConnectionPool object at 0x1a137f27b8>
method = 'GET'
url = '/v2/top-headlines?country=US&apiKey=eb4ad8625c5b4f57bb62f8c95601038a'
body = None
headers = {'User-Agent': 'python-requests/2.17.1', 'Accept-Encoding': 'gzip, deflate', 'Accept': '*/*', 'Connection': 'keep-alive'}
retries = Retry(total=0, connect=None, read=False, redirect=None, status=None)
redirect = False, assert_same_host = False
timeout = <urllib3.util.timeout.Timeout object at 0x1a137f2898>
pool_timeout = None, release_conn = False, chunked = False, body_pos = None
response_kw = {'decode_content': False, 'preload_content': False}, conn = None
release_this_conn = True, err = None, clean_exit = False
timeout_obj = <urllib3.util.timeout.Timeout object at 0x1a137f2be0>
is_new_proxy_conn = False

    def urlopen(self, method, url, body=None, headers=None, retries=None,
                redirect=True, assert_same_host=True, timeout=_Default,
                pool_timeout=None, release_conn=None, chunked=False,
                body_pos=None, **response_kw):
        """
            Get a connection from the pool and perform an HTTP request. This is the
            lowest level call for making a request, so you'll need to specify all
            the raw details.
    
            .. note::
    
               More commonly, it's appropriate to use a convenience method provided
               by :class:`.RequestMethods`, such as :meth:`request`.
    
            .. note::
    
               `release_conn` will only behave as expected if
               `preload_content=False` because we want to make
               `preload_content=False` the default behaviour someday soon without
               breaking backwards compatibility.
    
            :param method:
                HTTP request method (such as GET, POST, PUT, etc.)
    
            :param body:
                Data to send in the request body (useful for creating
                POST requests, see HTTPConnectionPool.post_url for
                more convenience).
    
            :param headers:
                Dictionary of custom headers to send, such as User-Agent,
                If-None-Match, etc. If None, pool headers are used. If provided,
                these headers completely replace any pool-specific headers.
    
            :param retries:
                Configure the number of retries to allow before raising a
                :class:`~urllib3.exceptions.MaxRetryError` exception.
    
                Pass ``None`` to retry until you receive a response. Pass a
                :class:`~urllib3.util.retry.Retry` object for fine-grained control
                over different types of retries.
                Pass an integer number to retry connection errors that many times,
                but no other types of errors. Pass zero to never retry.
    
                If ``False``, then retries are disabled and any exception is raised
                immediately. Also, instead of raising a MaxRetryError on redirects,
                the redirect response will be returned.
    
            :type retries: :class:`~urllib3.util.retry.Retry`, False, or an int.
    
            :param redirect:
                If True, automatically handle redirects (status codes 301, 302,
                303, 307, 308). Each redirect counts as a retry. Disabling retries
                will disable redirect, too.
    
            :param assert_same_host:
                If ``True``, will make sure that the host of the pool requests is
                consistent else will raise HostChangedError. When False, you can
                use the pool on an HTTP proxy and request foreign hosts.
    
            :param timeout:
                If specified, overrides the default timeout for this one
                request. It may be a float (in seconds) or an instance of
                :class:`urllib3.util.Timeout`.
    
            :param pool_timeout:
                If set and the pool is set to block=True, then this method will
                block for ``pool_timeout`` seconds and raise EmptyPoolError if no
                connection is available within the time period.
    
            :param release_conn:
                If False, then the urlopen call will not release the connection
                back into the pool once a response is received (but will release if
                you read the entire contents of the response such as when
                `preload_content=True`). This is useful if you're not preloading
                the response's content immediately. You will need to call
                ``r.release_conn()`` on the response ``r`` to return the connection
                back into the pool. If None, it takes the value of
                ``response_kw.get('preload_content', True)``.
    
            :param chunked:
                If True, urllib3 will send the body using chunked transfer
                encoding. Otherwise, urllib3 will send the body using the standard
                content-length form. Defaults to False.
    
            :param int body_pos:
                Position to seek to in file-like body in the event of a retry or
                redirect. Typically this won't need to be set because urllib3 will
                auto-populate the value when needed.
    
            :param \\**response_kw:
                Additional parameters are passed to
                :meth:`urllib3.response.HTTPResponse.from_httplib`
            """
        if headers is None:
            headers = self.headers
    
        if not isinstance(retries, Retry):
            retries = Retry.from_int(retries, redirect=redirect, default=self.retries)
    
        if release_conn is None:
            release_conn = response_kw.get('preload_content', True)
    
        # Check host
        if assert_same_host and not self.is_same_host(url):
            raise HostChangedError(self, url, retries)
    
        conn = None
    
        # Track whether `conn` needs to be released before
        # returning/raising/recursing. Update this variable if necessary, and
        # leave `release_conn` constant throughout the function. That way, if
        # the function recurses, the original value of `release_conn` will be
        # passed down into the recursive call, and its value will be respected.
        #
        # See issue #651 [1] for details.
        #
        # [1] <https://github.com/shazow/urllib3/issues/651>
        release_this_conn = release_conn
    
        # Merge the proxy headers. Only do this in HTTP. We have to copy the
        # headers dict so we can safely change it without those changes being
        # reflected in anyone else's copy.
        if self.scheme == 'http':
            headers = headers.copy()
            headers.update(self.proxy_headers)
    
        # Must keep the exception bound to a separate variable or else Python 3
        # complains about UnboundLocalError.
        err = None
    
        # Keep track of whether we cleanly exited the except block. This
        # ensures we do proper cleanup in finally.
        clean_exit = False
    
        # Rewind body position, if needed. Record current position
        # for future rewinds in the event of a redirect/retry.
        body_pos = set_file_position(body, body_pos)
    
        try:
            # Request a connection from the queue.
            timeout_obj = self._get_timeout(timeout)
            conn = self._get_conn(timeout=pool_timeout)
    
            conn.timeout = timeout_obj.connect_timeout
    
            is_new_proxy_conn = self.proxy is not None and not getattr(conn, 'sock', None)
            if is_new_proxy_conn:
                self._prepare_proxy(conn)
    
            # Make the request on the httplib connection object.
            httplib_response = self._make_request(conn, method, url,
                                                  timeout=timeout_obj,
                                                  body=body, headers=headers,
>                                                 chunked=chunked)

../../anaconda3/lib/python3.6/site-packages/urllib3/connectionpool.py:600: 
_ _ _ _ _ _ _ _ _ _ _ _ _ _ _ _ _ _ _ _ _ _ _ _ _ _ _ _ _ _ _ _ _ _ _ _ _ _ _ _ 

self = <urllib3.connectionpool.HTTPSConnectionPool object at 0x1a137f27b8>
conn = <urllib3.connection.VerifiedHTTPSConnection object at 0x1a137f2e48>
method = 'GET'
url = '/v2/top-headlines?country=US&apiKey=eb4ad8625c5b4f57bb62f8c95601038a'
timeout = <urllib3.util.timeout.Timeout object at 0x1a137f2be0>, chunked = False
httplib_request_kw = {'body': None, 'headers': {'User-Agent': 'python-requests/2.17.1', 'Accept-Encoding': 'gzip, deflate', 'Accept': '*/*', 'Connection': 'keep-alive'}}
timeout_obj = <urllib3.util.timeout.Timeout object at 0x1a137f2f60>

    def _make_request(self, conn, method, url, timeout=_Default, chunked=False,
                      **httplib_request_kw):
        """
            Perform a request on a given urllib connection object taken from our
            pool.
    
            :param conn:
                a connection from one of our connection pools
    
            :param timeout:
                Socket timeout in seconds for the request. This can be a
                float or integer, which will set the same timeout value for
                the socket connect and the socket read, or an instance of
                :class:`urllib3.util.Timeout`, which gives you more fine-grained
                control over your timeouts.
            """
        self.num_requests += 1
    
        timeout_obj = self._get_timeout(timeout)
        timeout_obj.start_connect()
        conn.timeout = timeout_obj.connect_timeout
    
        # Trigger any extra validation we need to do.
        try:
>           self._validate_conn(conn)

../../anaconda3/lib/python3.6/site-packages/urllib3/connectionpool.py:345: 
_ _ _ _ _ _ _ _ _ _ _ _ _ _ _ _ _ _ _ _ _ _ _ _ _ _ _ _ _ _ _ _ _ _ _ _ _ _ _ _ 

self = <urllib3.connectionpool.HTTPSConnectionPool object at 0x1a137f27b8>
conn = <urllib3.connection.VerifiedHTTPSConnection object at 0x1a137f2e48>

    def _validate_conn(self, conn):
        """
            Called right before a request is made, after the socket is created.
            """
        super(HTTPSConnectionPool, self)._validate_conn(conn)
    
        # Force connect early to allow us to validate the connection.
        if not getattr(conn, 'sock', None):  # AppEngine might not have  `.sock`
>           conn.connect()

../../anaconda3/lib/python3.6/site-packages/urllib3/connectionpool.py:844: 
_ _ _ _ _ _ _ _ _ _ _ _ _ _ _ _ _ _ _ _ _ _ _ _ _ _ _ _ _ _ _ _ _ _ _ _ _ _ _ _ 

self = <urllib3.connection.VerifiedHTTPSConnection object at 0x1a137f2e48>

    def connect(self):
        # Add certificate verification
>       conn = self._new_conn()

../../anaconda3/lib/python3.6/site-packages/urllib3/connection.py:284: 
_ _ _ _ _ _ _ _ _ _ _ _ _ _ _ _ _ _ _ _ _ _ _ _ _ _ _ _ _ _ _ _ _ _ _ _ _ _ _ _ 

self = <urllib3.connection.VerifiedHTTPSConnection object at 0x1a137f2e48>

    def _new_conn(self):
        """ Establish a socket connection and set nodelay settings on it.
    
            :return: New socket connection.
            """
        extra_kw = {}
        if self.source_address:
            extra_kw['source_address'] = self.source_address
    
        if self.socket_options:
            extra_kw['socket_options'] = self.socket_options
    
        try:
            conn = connection.create_connection(
                (self.host, self.port), self.timeout, **extra_kw)
    
        except SocketTimeout as e:
            raise ConnectTimeoutError(
                self, "Connection to %s timed out. (connect timeout=%s)" %
                (self.host, self.timeout))
    
        except SocketError as e:
            raise NewConnectionError(
>               self, "Failed to establish a new connection: %s" % e)
E           urllib3.exceptions.NewConnectionError: <urllib3.connection.VerifiedHTTPSConnection object at 0x1a137f2e48>: Failed to establish a new connection: [Errno 8] nodename nor servname provided, or not known

../../anaconda3/lib/python3.6/site-packages/urllib3/connection.py:150: NewConnectionError

During handling of the above exception, another exception occurred:

self = <requests.adapters.HTTPAdapter object at 0x1a137f29b0>
request = <PreparedRequest [GET]>, stream = False
timeout = <urllib3.util.timeout.Timeout object at 0x1a137f2898>, verify = True
cert = None, proxies = OrderedDict()

    def send(self, request, stream=False, timeout=None, verify=True, cert=None, proxies=None):
        """Sends PreparedRequest object. Returns Response object.
    
            :param request: The :class:`PreparedRequest <PreparedRequest>` being sent.
            :param stream: (optional) Whether to stream the request content.
            :param timeout: (optional) How long to wait for the server to send
                data before giving up, as a float, or a :ref:`(connect timeout,
                read timeout) <timeouts>` tuple.
            :type timeout: float or tuple or urllib3 Timeout object
            :param verify: (optional) Either a boolean, in which case it controls whether
                we verify the server's TLS certificate, or a string, in which case it
                must be a path to a CA bundle to use
            :param cert: (optional) Any user-provided SSL certificate to be trusted.
            :param proxies: (optional) The proxies dictionary to apply to the request.
            :rtype: requests.Response
            """
    
        conn = self.get_connection(request.url, proxies)
    
        self.cert_verify(conn, request.url, verify, cert)
        url = self.request_url(request, proxies)
        self.add_headers(request)
    
        chunked = not (request.body is None or 'Content-Length' in request.headers)
    
        if isinstance(timeout, tuple):
            try:
                connect, read = timeout
                timeout = TimeoutSauce(connect=connect, read=read)
            except ValueError as e:
                # this may raise a string formatting error.
                err = ("Invalid timeout {0}. Pass a (connect, read) "
                       "timeout tuple, or a single float to set "
                       "both timeouts to the same value".format(timeout))
                raise ValueError(err)
        elif isinstance(timeout, TimeoutSauce):
            pass
        else:
            timeout = TimeoutSauce(connect=timeout, read=timeout)
    
        try:
            if not chunked:
                resp = conn.urlopen(
                    method=request.method,
                    url=url,
                    body=request.body,
                    headers=request.headers,
                    redirect=False,
                    assert_same_host=False,
                    preload_content=False,
                    decode_content=False,
                    retries=self.max_retries,
>                   timeout=timeout
                )

../../anaconda3/lib/python3.6/site-packages/requests/adapters.py:440: 
_ _ _ _ _ _ _ _ _ _ _ _ _ _ _ _ _ _ _ _ _ _ _ _ _ _ _ _ _ _ _ _ _ _ _ _ _ _ _ _ 

self = <urllib3.connectionpool.HTTPSConnectionPool object at 0x1a137f27b8>
method = 'GET'
url = '/v2/top-headlines?country=US&apiKey=eb4ad8625c5b4f57bb62f8c95601038a'
body = None
headers = {'User-Agent': 'python-requests/2.17.1', 'Accept-Encoding': 'gzip, deflate', 'Accept': '*/*', 'Connection': 'keep-alive'}
retries = Retry(total=0, connect=None, read=False, redirect=None, status=None)
redirect = False, assert_same_host = False
timeout = <urllib3.util.timeout.Timeout object at 0x1a137f2898>
pool_timeout = None, release_conn = False, chunked = False, body_pos = None
response_kw = {'decode_content': False, 'preload_content': False}, conn = None
release_this_conn = True, err = None, clean_exit = False
timeout_obj = <urllib3.util.timeout.Timeout object at 0x1a137f2be0>
is_new_proxy_conn = False

    def urlopen(self, method, url, body=None, headers=None, retries=None,
                redirect=True, assert_same_host=True, timeout=_Default,
                pool_timeout=None, release_conn=None, chunked=False,
                body_pos=None, **response_kw):
        """
            Get a connection from the pool and perform an HTTP request. This is the
            lowest level call for making a request, so you'll need to specify all
            the raw details.
    
            .. note::
    
               More commonly, it's appropriate to use a convenience method provided
               by :class:`.RequestMethods`, such as :meth:`request`.
    
            .. note::
    
               `release_conn` will only behave as expected if
               `preload_content=False` because we want to make
               `preload_content=False` the default behaviour someday soon without
               breaking backwards compatibility.
    
            :param method:
                HTTP request method (such as GET, POST, PUT, etc.)
    
            :param body:
                Data to send in the request body (useful for creating
                POST requests, see HTTPConnectionPool.post_url for
                more convenience).
    
            :param headers:
                Dictionary of custom headers to send, such as User-Agent,
                If-None-Match, etc. If None, pool headers are used. If provided,
                these headers completely replace any pool-specific headers.
    
            :param retries:
                Configure the number of retries to allow before raising a
                :class:`~urllib3.exceptions.MaxRetryError` exception.
    
                Pass ``None`` to retry until you receive a response. Pass a
                :class:`~urllib3.util.retry.Retry` object for fine-grained control
                over different types of retries.
                Pass an integer number to retry connection errors that many times,
                but no other types of errors. Pass zero to never retry.
    
                If ``False``, then retries are disabled and any exception is raised
                immediately. Also, instead of raising a MaxRetryError on redirects,
                the redirect response will be returned.
    
            :type retries: :class:`~urllib3.util.retry.Retry`, False, or an int.
    
            :param redirect:
                If True, automatically handle redirects (status codes 301, 302,
                303, 307, 308). Each redirect counts as a retry. Disabling retries
                will disable redirect, too.
    
            :param assert_same_host:
                If ``True``, will make sure that the host of the pool requests is
                consistent else will raise HostChangedError. When False, you can
                use the pool on an HTTP proxy and request foreign hosts.
    
            :param timeout:
                If specified, overrides the default timeout for this one
                request. It may be a float (in seconds) or an instance of
                :class:`urllib3.util.Timeout`.
    
            :param pool_timeout:
                If set and the pool is set to block=True, then this method will
                block for ``pool_timeout`` seconds and raise EmptyPoolError if no
                connection is available within the time period.
    
            :param release_conn:
                If False, then the urlopen call will not release the connection
                back into the pool once a response is received (but will release if
                you read the entire contents of the response such as when
                `preload_content=True`). This is useful if you're not preloading
                the response's content immediately. You will need to call
                ``r.release_conn()`` on the response ``r`` to return the connection
                back into the pool. If None, it takes the value of
                ``response_kw.get('preload_content', True)``.
    
            :param chunked:
                If True, urllib3 will send the body using chunked transfer
                encoding. Otherwise, urllib3 will send the body using the standard
                content-length form. Defaults to False.
    
            :param int body_pos:
                Position to seek to in file-like body in the event of a retry or
                redirect. Typically this won't need to be set because urllib3 will
                auto-populate the value when needed.
    
            :param \\**response_kw:
                Additional parameters are passed to
                :meth:`urllib3.response.HTTPResponse.from_httplib`
            """
        if headers is None:
            headers = self.headers
    
        if not isinstance(retries, Retry):
            retries = Retry.from_int(retries, redirect=redirect, default=self.retries)
    
        if release_conn is None:
            release_conn = response_kw.get('preload_content', True)
    
        # Check host
        if assert_same_host and not self.is_same_host(url):
            raise HostChangedError(self, url, retries)
    
        conn = None
    
        # Track whether `conn` needs to be released before
        # returning/raising/recursing. Update this variable if necessary, and
        # leave `release_conn` constant throughout the function. That way, if
        # the function recurses, the original value of `release_conn` will be
        # passed down into the recursive call, and its value will be respected.
        #
        # See issue #651 [1] for details.
        #
        # [1] <https://github.com/shazow/urllib3/issues/651>
        release_this_conn = release_conn
    
        # Merge the proxy headers. Only do this in HTTP. We have to copy the
        # headers dict so we can safely change it without those changes being
        # reflected in anyone else's copy.
        if self.scheme == 'http':
            headers = headers.copy()
            headers.update(self.proxy_headers)
    
        # Must keep the exception bound to a separate variable or else Python 3
        # complains about UnboundLocalError.
        err = None
    
        # Keep track of whether we cleanly exited the except block. This
        # ensures we do proper cleanup in finally.
        clean_exit = False
    
        # Rewind body position, if needed. Record current position
        # for future rewinds in the event of a redirect/retry.
        body_pos = set_file_position(body, body_pos)
    
        try:
            # Request a connection from the queue.
            timeout_obj = self._get_timeout(timeout)
            conn = self._get_conn(timeout=pool_timeout)
    
            conn.timeout = timeout_obj.connect_timeout
    
            is_new_proxy_conn = self.proxy is not None and not getattr(conn, 'sock', None)
            if is_new_proxy_conn:
                self._prepare_proxy(conn)
    
            # Make the request on the httplib connection object.
            httplib_response = self._make_request(conn, method, url,
                                                  timeout=timeout_obj,
                                                  body=body, headers=headers,
                                                  chunked=chunked)
    
            # If we're going to release the connection in ``finally:``, then
            # the response doesn't need to know about the connection. Otherwise
            # it will also try to release it and we'll have a double-release
            # mess.
            response_conn = conn if not release_conn else None
    
            # Pass method to Response for length checking
            response_kw['request_method'] = method
    
            # Import httplib's response into our own wrapper object
            response = self.ResponseCls.from_httplib(httplib_response,
                                                     pool=self,
                                                     connection=response_conn,
                                                     retries=retries,
                                                     **response_kw)
    
            # Everything went great!
            clean_exit = True
    
        except queue.Empty:
            # Timed out by queue.
            raise EmptyPoolError(self, "No pool connections are available.")
    
        except (BaseSSLError, CertificateError) as e:
            # Close the connection. If a connection is reused on which there
            # was a Certificate error, the next request will certainly raise
            # another Certificate error.
            clean_exit = False
            raise SSLError(e)
    
        except SSLError:
            # Treat SSLError separately from BaseSSLError to preserve
            # traceback.
            clean_exit = False
            raise
    
        except (TimeoutError, HTTPException, SocketError, ProtocolError) as e:
            # Discard the connection for these exceptions. It will be
            # be replaced during the next _get_conn() call.
            clean_exit = False
    
            if isinstance(e, (SocketError, NewConnectionError)) and self.proxy:
                e = ProxyError('Cannot connect to proxy.', e)
            elif isinstance(e, (SocketError, HTTPException)):
                e = ProtocolError('Connection aborted.', e)
    
            retries = retries.increment(method, url, error=e, _pool=self,
>                                       _stacktrace=sys.exc_info()[2])

../../anaconda3/lib/python3.6/site-packages/urllib3/connectionpool.py:649: 
_ _ _ _ _ _ _ _ _ _ _ _ _ _ _ _ _ _ _ _ _ _ _ _ _ _ _ _ _ _ _ _ _ _ _ _ _ _ _ _ 

self = Retry(total=0, connect=None, read=False, redirect=None, status=None)
method = 'GET'
url = '/v2/top-headlines?country=US&apiKey=eb4ad8625c5b4f57bb62f8c95601038a'
response = None
error = NewConnectionError('<urllib3.connection.VerifiedHTTPSConnection object at 0x1a137f2e48>: Failed to establish a new connection: [Errno 8] nodename nor servname provided, or not known',)
_pool = <urllib3.connectionpool.HTTPSConnectionPool object at 0x1a137f27b8>
_stacktrace = <traceback object at 0x1a135266c8>

    def increment(self, method=None, url=None, response=None, error=None,
                  _pool=None, _stacktrace=None):
        """ Return a new Retry object with incremented retry counters.
    
            :param response: A response object, or None, if the server did not
                return a response.
            :type response: :class:`~urllib3.response.HTTPResponse`
            :param Exception error: An error encountered during the request, or
                None if the response was received successfully.
    
            :return: A new ``Retry`` object.
            """
        if self.total is False and error:
            # Disabled, indicate to re-raise the error.
            raise six.reraise(type(error), error, _stacktrace)
    
        total = self.total
        if total is not None:
            total -= 1
    
        connect = self.connect
        read = self.read
        redirect = self.redirect
        status_count = self.status
        cause = 'unknown'
        status = None
        redirect_location = None
    
        if error and self._is_connection_error(error):
            # Connect retry?
            if connect is False:
                raise six.reraise(type(error), error, _stacktrace)
            elif connect is not None:
                connect -= 1
    
        elif error and self._is_read_error(error):
            # Read retry?
            if read is False or not self._is_method_retryable(method):
                raise six.reraise(type(error), error, _stacktrace)
            elif read is not None:
                read -= 1
    
        elif response and response.get_redirect_location():
            # Redirect retry?
            if redirect is not None:
                redirect -= 1
            cause = 'too many redirects'
            redirect_location = response.get_redirect_location()
            status = response.status
    
        else:
            # Incrementing because of a server error like a 500 in
            # status_forcelist and a the given method is in the whitelist
            cause = ResponseError.GENERIC_ERROR
            if response and response.status:
                if status_count is not None:
                    status_count -= 1
                cause = ResponseError.SPECIFIC_ERROR.format(
                    status_code=response.status)
                status = response.status
    
        history = self.history + (RequestHistory(method, url, error, status, redirect_location),)
    
        new_retry = self.new(
            total=total,
            connect=connect, read=read, redirect=redirect, status=status_count,
            history=history)
    
        if new_retry.is_exhausted():
>           raise MaxRetryError(_pool, url, error or ResponseError(cause))
E           urllib3.exceptions.MaxRetryError: HTTPSConnectionPool(host='newsapi.org', port=443): Max retries exceeded with url: /v2/top-headlines?country=US&apiKey=eb4ad8625c5b4f57bb62f8c95601038a (Caused by NewConnectionError('<urllib3.connection.VerifiedHTTPSConnection object at 0x1a137f2e48>: Failed to establish a new connection: [Errno 8] nodename nor servname provided, or not known',))

../../anaconda3/lib/python3.6/site-packages/urllib3/util/retry.py:388: MaxRetryError

During handling of the above exception, another exception occurred:

self = <test_news_server_analytics.FlaskClientTest testMethod=test_analytics_topic_with_history_2>

    def setUp(self):
>       self.app = create_app()

tests/test_news_server_analytics.py:18: 
_ _ _ _ _ _ _ _ _ _ _ _ _ _ _ _ _ _ _ _ _ _ _ _ _ _ _ _ _ _ _ _ _ _ _ _ _ _ _ _ 
news_server.py:28: in create_app
    update_index(db)
news_server.py:193: in update_index
    r = requests.get('https://newsapi.org/v2/top-headlines', params=payload)
../../anaconda3/lib/python3.6/site-packages/requests/api.py:72: in get
    return request('get', url, params=params, **kwargs)
../../anaconda3/lib/python3.6/site-packages/requests/api.py:58: in request
    return session.request(method=method, url=url, **kwargs)
../../anaconda3/lib/python3.6/site-packages/requests/sessions.py:513: in request
    resp = self.send(prep, **send_kwargs)
../../anaconda3/lib/python3.6/site-packages/requests/sessions.py:623: in send
    r = adapter.send(request, **kwargs)
_ _ _ _ _ _ _ _ _ _ _ _ _ _ _ _ _ _ _ _ _ _ _ _ _ _ _ _ _ _ _ _ _ _ _ _ _ _ _ _ 

self = <requests.adapters.HTTPAdapter object at 0x1a137f29b0>
request = <PreparedRequest [GET]>, stream = False
timeout = <urllib3.util.timeout.Timeout object at 0x1a137f2898>, verify = True
cert = None, proxies = OrderedDict()

    def send(self, request, stream=False, timeout=None, verify=True, cert=None, proxies=None):
        """Sends PreparedRequest object. Returns Response object.
    
            :param request: The :class:`PreparedRequest <PreparedRequest>` being sent.
            :param stream: (optional) Whether to stream the request content.
            :param timeout: (optional) How long to wait for the server to send
                data before giving up, as a float, or a :ref:`(connect timeout,
                read timeout) <timeouts>` tuple.
            :type timeout: float or tuple or urllib3 Timeout object
            :param verify: (optional) Either a boolean, in which case it controls whether
                we verify the server's TLS certificate, or a string, in which case it
                must be a path to a CA bundle to use
            :param cert: (optional) Any user-provided SSL certificate to be trusted.
            :param proxies: (optional) The proxies dictionary to apply to the request.
            :rtype: requests.Response
            """
    
        conn = self.get_connection(request.url, proxies)
    
        self.cert_verify(conn, request.url, verify, cert)
        url = self.request_url(request, proxies)
        self.add_headers(request)
    
        chunked = not (request.body is None or 'Content-Length' in request.headers)
    
        if isinstance(timeout, tuple):
            try:
                connect, read = timeout
                timeout = TimeoutSauce(connect=connect, read=read)
            except ValueError as e:
                # this may raise a string formatting error.
                err = ("Invalid timeout {0}. Pass a (connect, read) "
                       "timeout tuple, or a single float to set "
                       "both timeouts to the same value".format(timeout))
                raise ValueError(err)
        elif isinstance(timeout, TimeoutSauce):
            pass
        else:
            timeout = TimeoutSauce(connect=timeout, read=timeout)
    
        try:
            if not chunked:
                resp = conn.urlopen(
                    method=request.method,
                    url=url,
                    body=request.body,
                    headers=request.headers,
                    redirect=False,
                    assert_same_host=False,
                    preload_content=False,
                    decode_content=False,
                    retries=self.max_retries,
                    timeout=timeout
                )
    
            # Send the request.
            else:
                if hasattr(conn, 'proxy_pool'):
                    conn = conn.proxy_pool
    
                low_conn = conn._get_conn(timeout=DEFAULT_POOL_TIMEOUT)
    
                try:
                    low_conn.putrequest(request.method,
                                        url,
                                        skip_accept_encoding=True)
    
                    for header, value in request.headers.items():
                        low_conn.putheader(header, value)
    
                    low_conn.endheaders()
    
                    for i in request.body:
                        low_conn.send(hex(len(i))[2:].encode('utf-8'))
                        low_conn.send(b'\r\n')
                        low_conn.send(i)
                        low_conn.send(b'\r\n')
                    low_conn.send(b'0\r\n\r\n')
    
                    # Receive the response from the server
                    try:
                        # For Python 2.7+ versions, use buffering of HTTP
                        # responses
                        r = low_conn.getresponse(buffering=True)
                    except TypeError:
                        # For compatibility with Python 2.6 versions and back
                        r = low_conn.getresponse()
    
                    resp = HTTPResponse.from_httplib(
                        r,
                        pool=conn,
                        connection=low_conn,
                        preload_content=False,
                        decode_content=False
                    )
                except:
                    # If we hit any problems here, clean up the connection.
                    # Then, reraise so that we can handle the actual exception.
                    low_conn.close()
                    raise
    
        except (ProtocolError, socket.error) as err:
            raise ConnectionError(err, request=request)
    
        except MaxRetryError as e:
            if isinstance(e.reason, ConnectTimeoutError):
                # TODO: Remove this in 3.0.0: see #2811
                if not isinstance(e.reason, NewConnectionError):
                    raise ConnectTimeout(e, request=request)
    
            if isinstance(e.reason, ResponseError):
                raise RetryError(e, request=request)
    
            if isinstance(e.reason, _ProxyError):
                raise ProxyError(e, request=request)
    
>           raise ConnectionError(e, request=request)
E           requests.exceptions.ConnectionError: HTTPSConnectionPool(host='newsapi.org', port=443): Max retries exceeded with url: /v2/top-headlines?country=US&apiKey=eb4ad8625c5b4f57bb62f8c95601038a (Caused by NewConnectionError('<urllib3.connection.VerifiedHTTPSConnection object at 0x1a137f2e48>: Failed to establish a new connection: [Errno 8] nodename nor servname provided, or not known',))

../../anaconda3/lib/python3.6/site-packages/requests/adapters.py:504: ConnectionError
----------------------------- Captured stdout call -----------------------------
create app
updating main page...
____________________ FlaskClientTest.test_search_keyword_1 _____________________

self = <urllib3.connection.VerifiedHTTPSConnection object at 0x1a13627be0>

    def _new_conn(self):
        """ Establish a socket connection and set nodelay settings on it.
    
            :return: New socket connection.
            """
        extra_kw = {}
        if self.source_address:
            extra_kw['source_address'] = self.source_address
    
        if self.socket_options:
            extra_kw['socket_options'] = self.socket_options
    
        try:
            conn = connection.create_connection(
>               (self.host, self.port), self.timeout, **extra_kw)

../../anaconda3/lib/python3.6/site-packages/urllib3/connection.py:141: 
_ _ _ _ _ _ _ _ _ _ _ _ _ _ _ _ _ _ _ _ _ _ _ _ _ _ _ _ _ _ _ _ _ _ _ _ _ _ _ _ 

address = ('newsapi.org', 443), timeout = None, source_address = None
socket_options = [(6, 1, 1)]

    def create_connection(address, timeout=socket._GLOBAL_DEFAULT_TIMEOUT,
                          source_address=None, socket_options=None):
        """Connect to *address* and return the socket object.
    
        Convenience function.  Connect to *address* (a 2-tuple ``(host,
        port)``) and return the socket object.  Passing the optional
        *timeout* parameter will set the timeout on the socket instance
        before attempting to connect.  If no *timeout* is supplied, the
        global default timeout setting returned by :func:`getdefaulttimeout`
        is used.  If *source_address* is set it must be a tuple of (host, port)
        for the socket to bind as a source address before making the connection.
        An host of '' or port 0 tells the OS to use the default.
        """
    
        host, port = address
        if host.startswith('['):
            host = host.strip('[]')
        err = None
    
        # Using the value from allowed_gai_family() in the context of getaddrinfo lets
        # us select whether to work with IPv4 DNS records, IPv6 records, or both.
        # The original create_connection function always returns all records.
        family = allowed_gai_family()
    
>       for res in socket.getaddrinfo(host, port, family, socket.SOCK_STREAM):

../../anaconda3/lib/python3.6/site-packages/urllib3/util/connection.py:60: 
_ _ _ _ _ _ _ _ _ _ _ _ _ _ _ _ _ _ _ _ _ _ _ _ _ _ _ _ _ _ _ _ _ _ _ _ _ _ _ _ 

host = 'newsapi.org', port = 443, family = <AddressFamily.AF_UNSPEC: 0>
type = <SocketKind.SOCK_STREAM: 1>, proto = 0, flags = 0

    def getaddrinfo(host, port, family=0, type=0, proto=0, flags=0):
        """Resolve host and port into list of address info entries.
    
        Translate the host/port argument into a sequence of 5-tuples that contain
        all the necessary arguments for creating a socket connected to that service.
        host is a domain name, a string representation of an IPv4/v6 address or
        None. port is a string service name such as 'http', a numeric port number or
        None. By passing None as the value of host and port, you can pass NULL to
        the underlying C API.
    
        The family, type and proto arguments can be optionally specified in order to
        narrow the list of addresses returned. Passing zero as a value for each of
        these arguments selects the full range of results.
        """
        # We override this function since we want to translate the numeric family
        # and socket type values to enum constants.
        addrlist = []
>       for res in _socket.getaddrinfo(host, port, family, type, proto, flags):
E       socket.gaierror: [Errno 8] nodename nor servname provided, or not known

../../anaconda3/lib/python3.6/socket.py:745: gaierror

During handling of the above exception, another exception occurred:

self = <urllib3.connectionpool.HTTPSConnectionPool object at 0x1a13afc7f0>
method = 'GET'
url = '/v2/top-headlines?country=US&apiKey=eb4ad8625c5b4f57bb62f8c95601038a'
body = None
headers = {'User-Agent': 'python-requests/2.17.1', 'Accept-Encoding': 'gzip, deflate', 'Accept': '*/*', 'Connection': 'keep-alive'}
retries = Retry(total=0, connect=None, read=False, redirect=None, status=None)
redirect = False, assert_same_host = False
timeout = <urllib3.util.timeout.Timeout object at 0x1a13afc9e8>
pool_timeout = None, release_conn = False, chunked = False, body_pos = None
response_kw = {'decode_content': False, 'preload_content': False}, conn = None
release_this_conn = True, err = None, clean_exit = False
timeout_obj = <urllib3.util.timeout.Timeout object at 0x1a13afca90>
is_new_proxy_conn = False

    def urlopen(self, method, url, body=None, headers=None, retries=None,
                redirect=True, assert_same_host=True, timeout=_Default,
                pool_timeout=None, release_conn=None, chunked=False,
                body_pos=None, **response_kw):
        """
            Get a connection from the pool and perform an HTTP request. This is the
            lowest level call for making a request, so you'll need to specify all
            the raw details.
    
            .. note::
    
               More commonly, it's appropriate to use a convenience method provided
               by :class:`.RequestMethods`, such as :meth:`request`.
    
            .. note::
    
               `release_conn` will only behave as expected if
               `preload_content=False` because we want to make
               `preload_content=False` the default behaviour someday soon without
               breaking backwards compatibility.
    
            :param method:
                HTTP request method (such as GET, POST, PUT, etc.)
    
            :param body:
                Data to send in the request body (useful for creating
                POST requests, see HTTPConnectionPool.post_url for
                more convenience).
    
            :param headers:
                Dictionary of custom headers to send, such as User-Agent,
                If-None-Match, etc. If None, pool headers are used. If provided,
                these headers completely replace any pool-specific headers.
    
            :param retries:
                Configure the number of retries to allow before raising a
                :class:`~urllib3.exceptions.MaxRetryError` exception.
    
                Pass ``None`` to retry until you receive a response. Pass a
                :class:`~urllib3.util.retry.Retry` object for fine-grained control
                over different types of retries.
                Pass an integer number to retry connection errors that many times,
                but no other types of errors. Pass zero to never retry.
    
                If ``False``, then retries are disabled and any exception is raised
                immediately. Also, instead of raising a MaxRetryError on redirects,
                the redirect response will be returned.
    
            :type retries: :class:`~urllib3.util.retry.Retry`, False, or an int.
    
            :param redirect:
                If True, automatically handle redirects (status codes 301, 302,
                303, 307, 308). Each redirect counts as a retry. Disabling retries
                will disable redirect, too.
    
            :param assert_same_host:
                If ``True``, will make sure that the host of the pool requests is
                consistent else will raise HostChangedError. When False, you can
                use the pool on an HTTP proxy and request foreign hosts.
    
            :param timeout:
                If specified, overrides the default timeout for this one
                request. It may be a float (in seconds) or an instance of
                :class:`urllib3.util.Timeout`.
    
            :param pool_timeout:
                If set and the pool is set to block=True, then this method will
                block for ``pool_timeout`` seconds and raise EmptyPoolError if no
                connection is available within the time period.
    
            :param release_conn:
                If False, then the urlopen call will not release the connection
                back into the pool once a response is received (but will release if
                you read the entire contents of the response such as when
                `preload_content=True`). This is useful if you're not preloading
                the response's content immediately. You will need to call
                ``r.release_conn()`` on the response ``r`` to return the connection
                back into the pool. If None, it takes the value of
                ``response_kw.get('preload_content', True)``.
    
            :param chunked:
                If True, urllib3 will send the body using chunked transfer
                encoding. Otherwise, urllib3 will send the body using the standard
                content-length form. Defaults to False.
    
            :param int body_pos:
                Position to seek to in file-like body in the event of a retry or
                redirect. Typically this won't need to be set because urllib3 will
                auto-populate the value when needed.
    
            :param \\**response_kw:
                Additional parameters are passed to
                :meth:`urllib3.response.HTTPResponse.from_httplib`
            """
        if headers is None:
            headers = self.headers
    
        if not isinstance(retries, Retry):
            retries = Retry.from_int(retries, redirect=redirect, default=self.retries)
    
        if release_conn is None:
            release_conn = response_kw.get('preload_content', True)
    
        # Check host
        if assert_same_host and not self.is_same_host(url):
            raise HostChangedError(self, url, retries)
    
        conn = None
    
        # Track whether `conn` needs to be released before
        # returning/raising/recursing. Update this variable if necessary, and
        # leave `release_conn` constant throughout the function. That way, if
        # the function recurses, the original value of `release_conn` will be
        # passed down into the recursive call, and its value will be respected.
        #
        # See issue #651 [1] for details.
        #
        # [1] <https://github.com/shazow/urllib3/issues/651>
        release_this_conn = release_conn
    
        # Merge the proxy headers. Only do this in HTTP. We have to copy the
        # headers dict so we can safely change it without those changes being
        # reflected in anyone else's copy.
        if self.scheme == 'http':
            headers = headers.copy()
            headers.update(self.proxy_headers)
    
        # Must keep the exception bound to a separate variable or else Python 3
        # complains about UnboundLocalError.
        err = None
    
        # Keep track of whether we cleanly exited the except block. This
        # ensures we do proper cleanup in finally.
        clean_exit = False
    
        # Rewind body position, if needed. Record current position
        # for future rewinds in the event of a redirect/retry.
        body_pos = set_file_position(body, body_pos)
    
        try:
            # Request a connection from the queue.
            timeout_obj = self._get_timeout(timeout)
            conn = self._get_conn(timeout=pool_timeout)
    
            conn.timeout = timeout_obj.connect_timeout
    
            is_new_proxy_conn = self.proxy is not None and not getattr(conn, 'sock', None)
            if is_new_proxy_conn:
                self._prepare_proxy(conn)
    
            # Make the request on the httplib connection object.
            httplib_response = self._make_request(conn, method, url,
                                                  timeout=timeout_obj,
                                                  body=body, headers=headers,
>                                                 chunked=chunked)

../../anaconda3/lib/python3.6/site-packages/urllib3/connectionpool.py:600: 
_ _ _ _ _ _ _ _ _ _ _ _ _ _ _ _ _ _ _ _ _ _ _ _ _ _ _ _ _ _ _ _ _ _ _ _ _ _ _ _ 

self = <urllib3.connectionpool.HTTPSConnectionPool object at 0x1a13afc7f0>
conn = <urllib3.connection.VerifiedHTTPSConnection object at 0x1a13627be0>
method = 'GET'
url = '/v2/top-headlines?country=US&apiKey=eb4ad8625c5b4f57bb62f8c95601038a'
timeout = <urllib3.util.timeout.Timeout object at 0x1a13afca90>, chunked = False
httplib_request_kw = {'body': None, 'headers': {'User-Agent': 'python-requests/2.17.1', 'Accept-Encoding': 'gzip, deflate', 'Accept': '*/*', 'Connection': 'keep-alive'}}
timeout_obj = <urllib3.util.timeout.Timeout object at 0x1a13627748>

    def _make_request(self, conn, method, url, timeout=_Default, chunked=False,
                      **httplib_request_kw):
        """
            Perform a request on a given urllib connection object taken from our
            pool.
    
            :param conn:
                a connection from one of our connection pools
    
            :param timeout:
                Socket timeout in seconds for the request. This can be a
                float or integer, which will set the same timeout value for
                the socket connect and the socket read, or an instance of
                :class:`urllib3.util.Timeout`, which gives you more fine-grained
                control over your timeouts.
            """
        self.num_requests += 1
    
        timeout_obj = self._get_timeout(timeout)
        timeout_obj.start_connect()
        conn.timeout = timeout_obj.connect_timeout
    
        # Trigger any extra validation we need to do.
        try:
>           self._validate_conn(conn)

../../anaconda3/lib/python3.6/site-packages/urllib3/connectionpool.py:345: 
_ _ _ _ _ _ _ _ _ _ _ _ _ _ _ _ _ _ _ _ _ _ _ _ _ _ _ _ _ _ _ _ _ _ _ _ _ _ _ _ 

self = <urllib3.connectionpool.HTTPSConnectionPool object at 0x1a13afc7f0>
conn = <urllib3.connection.VerifiedHTTPSConnection object at 0x1a13627be0>

    def _validate_conn(self, conn):
        """
            Called right before a request is made, after the socket is created.
            """
        super(HTTPSConnectionPool, self)._validate_conn(conn)
    
        # Force connect early to allow us to validate the connection.
        if not getattr(conn, 'sock', None):  # AppEngine might not have  `.sock`
>           conn.connect()

../../anaconda3/lib/python3.6/site-packages/urllib3/connectionpool.py:844: 
_ _ _ _ _ _ _ _ _ _ _ _ _ _ _ _ _ _ _ _ _ _ _ _ _ _ _ _ _ _ _ _ _ _ _ _ _ _ _ _ 

self = <urllib3.connection.VerifiedHTTPSConnection object at 0x1a13627be0>

    def connect(self):
        # Add certificate verification
>       conn = self._new_conn()

../../anaconda3/lib/python3.6/site-packages/urllib3/connection.py:284: 
_ _ _ _ _ _ _ _ _ _ _ _ _ _ _ _ _ _ _ _ _ _ _ _ _ _ _ _ _ _ _ _ _ _ _ _ _ _ _ _ 

self = <urllib3.connection.VerifiedHTTPSConnection object at 0x1a13627be0>

    def _new_conn(self):
        """ Establish a socket connection and set nodelay settings on it.
    
            :return: New socket connection.
            """
        extra_kw = {}
        if self.source_address:
            extra_kw['source_address'] = self.source_address
    
        if self.socket_options:
            extra_kw['socket_options'] = self.socket_options
    
        try:
            conn = connection.create_connection(
                (self.host, self.port), self.timeout, **extra_kw)
    
        except SocketTimeout as e:
            raise ConnectTimeoutError(
                self, "Connection to %s timed out. (connect timeout=%s)" %
                (self.host, self.timeout))
    
        except SocketError as e:
            raise NewConnectionError(
>               self, "Failed to establish a new connection: %s" % e)
E           urllib3.exceptions.NewConnectionError: <urllib3.connection.VerifiedHTTPSConnection object at 0x1a13627be0>: Failed to establish a new connection: [Errno 8] nodename nor servname provided, or not known

../../anaconda3/lib/python3.6/site-packages/urllib3/connection.py:150: NewConnectionError

During handling of the above exception, another exception occurred:

self = <requests.adapters.HTTPAdapter object at 0x1a1b8f20f0>
request = <PreparedRequest [GET]>, stream = False
timeout = <urllib3.util.timeout.Timeout object at 0x1a13afc9e8>, verify = True
cert = None, proxies = OrderedDict()

    def send(self, request, stream=False, timeout=None, verify=True, cert=None, proxies=None):
        """Sends PreparedRequest object. Returns Response object.
    
            :param request: The :class:`PreparedRequest <PreparedRequest>` being sent.
            :param stream: (optional) Whether to stream the request content.
            :param timeout: (optional) How long to wait for the server to send
                data before giving up, as a float, or a :ref:`(connect timeout,
                read timeout) <timeouts>` tuple.
            :type timeout: float or tuple or urllib3 Timeout object
            :param verify: (optional) Either a boolean, in which case it controls whether
                we verify the server's TLS certificate, or a string, in which case it
                must be a path to a CA bundle to use
            :param cert: (optional) Any user-provided SSL certificate to be trusted.
            :param proxies: (optional) The proxies dictionary to apply to the request.
            :rtype: requests.Response
            """
    
        conn = self.get_connection(request.url, proxies)
    
        self.cert_verify(conn, request.url, verify, cert)
        url = self.request_url(request, proxies)
        self.add_headers(request)
    
        chunked = not (request.body is None or 'Content-Length' in request.headers)
    
        if isinstance(timeout, tuple):
            try:
                connect, read = timeout
                timeout = TimeoutSauce(connect=connect, read=read)
            except ValueError as e:
                # this may raise a string formatting error.
                err = ("Invalid timeout {0}. Pass a (connect, read) "
                       "timeout tuple, or a single float to set "
                       "both timeouts to the same value".format(timeout))
                raise ValueError(err)
        elif isinstance(timeout, TimeoutSauce):
            pass
        else:
            timeout = TimeoutSauce(connect=timeout, read=timeout)
    
        try:
            if not chunked:
                resp = conn.urlopen(
                    method=request.method,
                    url=url,
                    body=request.body,
                    headers=request.headers,
                    redirect=False,
                    assert_same_host=False,
                    preload_content=False,
                    decode_content=False,
                    retries=self.max_retries,
>                   timeout=timeout
                )

../../anaconda3/lib/python3.6/site-packages/requests/adapters.py:440: 
_ _ _ _ _ _ _ _ _ _ _ _ _ _ _ _ _ _ _ _ _ _ _ _ _ _ _ _ _ _ _ _ _ _ _ _ _ _ _ _ 

self = <urllib3.connectionpool.HTTPSConnectionPool object at 0x1a13afc7f0>
method = 'GET'
url = '/v2/top-headlines?country=US&apiKey=eb4ad8625c5b4f57bb62f8c95601038a'
body = None
headers = {'User-Agent': 'python-requests/2.17.1', 'Accept-Encoding': 'gzip, deflate', 'Accept': '*/*', 'Connection': 'keep-alive'}
retries = Retry(total=0, connect=None, read=False, redirect=None, status=None)
redirect = False, assert_same_host = False
timeout = <urllib3.util.timeout.Timeout object at 0x1a13afc9e8>
pool_timeout = None, release_conn = False, chunked = False, body_pos = None
response_kw = {'decode_content': False, 'preload_content': False}, conn = None
release_this_conn = True, err = None, clean_exit = False
timeout_obj = <urllib3.util.timeout.Timeout object at 0x1a13afca90>
is_new_proxy_conn = False

    def urlopen(self, method, url, body=None, headers=None, retries=None,
                redirect=True, assert_same_host=True, timeout=_Default,
                pool_timeout=None, release_conn=None, chunked=False,
                body_pos=None, **response_kw):
        """
            Get a connection from the pool and perform an HTTP request. This is the
            lowest level call for making a request, so you'll need to specify all
            the raw details.
    
            .. note::
    
               More commonly, it's appropriate to use a convenience method provided
               by :class:`.RequestMethods`, such as :meth:`request`.
    
            .. note::
    
               `release_conn` will only behave as expected if
               `preload_content=False` because we want to make
               `preload_content=False` the default behaviour someday soon without
               breaking backwards compatibility.
    
            :param method:
                HTTP request method (such as GET, POST, PUT, etc.)
    
            :param body:
                Data to send in the request body (useful for creating
                POST requests, see HTTPConnectionPool.post_url for
                more convenience).
    
            :param headers:
                Dictionary of custom headers to send, such as User-Agent,
                If-None-Match, etc. If None, pool headers are used. If provided,
                these headers completely replace any pool-specific headers.
    
            :param retries:
                Configure the number of retries to allow before raising a
                :class:`~urllib3.exceptions.MaxRetryError` exception.
    
                Pass ``None`` to retry until you receive a response. Pass a
                :class:`~urllib3.util.retry.Retry` object for fine-grained control
                over different types of retries.
                Pass an integer number to retry connection errors that many times,
                but no other types of errors. Pass zero to never retry.
    
                If ``False``, then retries are disabled and any exception is raised
                immediately. Also, instead of raising a MaxRetryError on redirects,
                the redirect response will be returned.
    
            :type retries: :class:`~urllib3.util.retry.Retry`, False, or an int.
    
            :param redirect:
                If True, automatically handle redirects (status codes 301, 302,
                303, 307, 308). Each redirect counts as a retry. Disabling retries
                will disable redirect, too.
    
            :param assert_same_host:
                If ``True``, will make sure that the host of the pool requests is
                consistent else will raise HostChangedError. When False, you can
                use the pool on an HTTP proxy and request foreign hosts.
    
            :param timeout:
                If specified, overrides the default timeout for this one
                request. It may be a float (in seconds) or an instance of
                :class:`urllib3.util.Timeout`.
    
            :param pool_timeout:
                If set and the pool is set to block=True, then this method will
                block for ``pool_timeout`` seconds and raise EmptyPoolError if no
                connection is available within the time period.
    
            :param release_conn:
                If False, then the urlopen call will not release the connection
                back into the pool once a response is received (but will release if
                you read the entire contents of the response such as when
                `preload_content=True`). This is useful if you're not preloading
                the response's content immediately. You will need to call
                ``r.release_conn()`` on the response ``r`` to return the connection
                back into the pool. If None, it takes the value of
                ``response_kw.get('preload_content', True)``.
    
            :param chunked:
                If True, urllib3 will send the body using chunked transfer
                encoding. Otherwise, urllib3 will send the body using the standard
                content-length form. Defaults to False.
    
            :param int body_pos:
                Position to seek to in file-like body in the event of a retry or
                redirect. Typically this won't need to be set because urllib3 will
                auto-populate the value when needed.
    
            :param \\**response_kw:
                Additional parameters are passed to
                :meth:`urllib3.response.HTTPResponse.from_httplib`
            """
        if headers is None:
            headers = self.headers
    
        if not isinstance(retries, Retry):
            retries = Retry.from_int(retries, redirect=redirect, default=self.retries)
    
        if release_conn is None:
            release_conn = response_kw.get('preload_content', True)
    
        # Check host
        if assert_same_host and not self.is_same_host(url):
            raise HostChangedError(self, url, retries)
    
        conn = None
    
        # Track whether `conn` needs to be released before
        # returning/raising/recursing. Update this variable if necessary, and
        # leave `release_conn` constant throughout the function. That way, if
        # the function recurses, the original value of `release_conn` will be
        # passed down into the recursive call, and its value will be respected.
        #
        # See issue #651 [1] for details.
        #
        # [1] <https://github.com/shazow/urllib3/issues/651>
        release_this_conn = release_conn
    
        # Merge the proxy headers. Only do this in HTTP. We have to copy the
        # headers dict so we can safely change it without those changes being
        # reflected in anyone else's copy.
        if self.scheme == 'http':
            headers = headers.copy()
            headers.update(self.proxy_headers)
    
        # Must keep the exception bound to a separate variable or else Python 3
        # complains about UnboundLocalError.
        err = None
    
        # Keep track of whether we cleanly exited the except block. This
        # ensures we do proper cleanup in finally.
        clean_exit = False
    
        # Rewind body position, if needed. Record current position
        # for future rewinds in the event of a redirect/retry.
        body_pos = set_file_position(body, body_pos)
    
        try:
            # Request a connection from the queue.
            timeout_obj = self._get_timeout(timeout)
            conn = self._get_conn(timeout=pool_timeout)
    
            conn.timeout = timeout_obj.connect_timeout
    
            is_new_proxy_conn = self.proxy is not None and not getattr(conn, 'sock', None)
            if is_new_proxy_conn:
                self._prepare_proxy(conn)
    
            # Make the request on the httplib connection object.
            httplib_response = self._make_request(conn, method, url,
                                                  timeout=timeout_obj,
                                                  body=body, headers=headers,
                                                  chunked=chunked)
    
            # If we're going to release the connection in ``finally:``, then
            # the response doesn't need to know about the connection. Otherwise
            # it will also try to release it and we'll have a double-release
            # mess.
            response_conn = conn if not release_conn else None
    
            # Pass method to Response for length checking
            response_kw['request_method'] = method
    
            # Import httplib's response into our own wrapper object
            response = self.ResponseCls.from_httplib(httplib_response,
                                                     pool=self,
                                                     connection=response_conn,
                                                     retries=retries,
                                                     **response_kw)
    
            # Everything went great!
            clean_exit = True
    
        except queue.Empty:
            # Timed out by queue.
            raise EmptyPoolError(self, "No pool connections are available.")
    
        except (BaseSSLError, CertificateError) as e:
            # Close the connection. If a connection is reused on which there
            # was a Certificate error, the next request will certainly raise
            # another Certificate error.
            clean_exit = False
            raise SSLError(e)
    
        except SSLError:
            # Treat SSLError separately from BaseSSLError to preserve
            # traceback.
            clean_exit = False
            raise
    
        except (TimeoutError, HTTPException, SocketError, ProtocolError) as e:
            # Discard the connection for these exceptions. It will be
            # be replaced during the next _get_conn() call.
            clean_exit = False
    
            if isinstance(e, (SocketError, NewConnectionError)) and self.proxy:
                e = ProxyError('Cannot connect to proxy.', e)
            elif isinstance(e, (SocketError, HTTPException)):
                e = ProtocolError('Connection aborted.', e)
    
            retries = retries.increment(method, url, error=e, _pool=self,
>                                       _stacktrace=sys.exc_info()[2])

../../anaconda3/lib/python3.6/site-packages/urllib3/connectionpool.py:649: 
_ _ _ _ _ _ _ _ _ _ _ _ _ _ _ _ _ _ _ _ _ _ _ _ _ _ _ _ _ _ _ _ _ _ _ _ _ _ _ _ 

self = Retry(total=0, connect=None, read=False, redirect=None, status=None)
method = 'GET'
url = '/v2/top-headlines?country=US&apiKey=eb4ad8625c5b4f57bb62f8c95601038a'
response = None
error = NewConnectionError('<urllib3.connection.VerifiedHTTPSConnection object at 0x1a13627be0>: Failed to establish a new connection: [Errno 8] nodename nor servname provided, or not known',)
_pool = <urllib3.connectionpool.HTTPSConnectionPool object at 0x1a13afc7f0>
_stacktrace = <traceback object at 0x1a1cfa79c8>

    def increment(self, method=None, url=None, response=None, error=None,
                  _pool=None, _stacktrace=None):
        """ Return a new Retry object with incremented retry counters.
    
            :param response: A response object, or None, if the server did not
                return a response.
            :type response: :class:`~urllib3.response.HTTPResponse`
            :param Exception error: An error encountered during the request, or
                None if the response was received successfully.
    
            :return: A new ``Retry`` object.
            """
        if self.total is False and error:
            # Disabled, indicate to re-raise the error.
            raise six.reraise(type(error), error, _stacktrace)
    
        total = self.total
        if total is not None:
            total -= 1
    
        connect = self.connect
        read = self.read
        redirect = self.redirect
        status_count = self.status
        cause = 'unknown'
        status = None
        redirect_location = None
    
        if error and self._is_connection_error(error):
            # Connect retry?
            if connect is False:
                raise six.reraise(type(error), error, _stacktrace)
            elif connect is not None:
                connect -= 1
    
        elif error and self._is_read_error(error):
            # Read retry?
            if read is False or not self._is_method_retryable(method):
                raise six.reraise(type(error), error, _stacktrace)
            elif read is not None:
                read -= 1
    
        elif response and response.get_redirect_location():
            # Redirect retry?
            if redirect is not None:
                redirect -= 1
            cause = 'too many redirects'
            redirect_location = response.get_redirect_location()
            status = response.status
    
        else:
            # Incrementing because of a server error like a 500 in
            # status_forcelist and a the given method is in the whitelist
            cause = ResponseError.GENERIC_ERROR
            if response and response.status:
                if status_count is not None:
                    status_count -= 1
                cause = ResponseError.SPECIFIC_ERROR.format(
                    status_code=response.status)
                status = response.status
    
        history = self.history + (RequestHistory(method, url, error, status, redirect_location),)
    
        new_retry = self.new(
            total=total,
            connect=connect, read=read, redirect=redirect, status=status_count,
            history=history)
    
        if new_retry.is_exhausted():
>           raise MaxRetryError(_pool, url, error or ResponseError(cause))
E           urllib3.exceptions.MaxRetryError: HTTPSConnectionPool(host='newsapi.org', port=443): Max retries exceeded with url: /v2/top-headlines?country=US&apiKey=eb4ad8625c5b4f57bb62f8c95601038a (Caused by NewConnectionError('<urllib3.connection.VerifiedHTTPSConnection object at 0x1a13627be0>: Failed to establish a new connection: [Errno 8] nodename nor servname provided, or not known',))

../../anaconda3/lib/python3.6/site-packages/urllib3/util/retry.py:388: MaxRetryError

During handling of the above exception, another exception occurred:

self = <test_news_server_search.FlaskClientTest testMethod=test_search_keyword_1>

    def setUp(self):
>       self.app = create_app()

tests/test_news_server_search.py:16: 
_ _ _ _ _ _ _ _ _ _ _ _ _ _ _ _ _ _ _ _ _ _ _ _ _ _ _ _ _ _ _ _ _ _ _ _ _ _ _ _ 
news_server.py:28: in create_app
    update_index(db)
news_server.py:193: in update_index
    r = requests.get('https://newsapi.org/v2/top-headlines', params=payload)
../../anaconda3/lib/python3.6/site-packages/requests/api.py:72: in get
    return request('get', url, params=params, **kwargs)
../../anaconda3/lib/python3.6/site-packages/requests/api.py:58: in request
    return session.request(method=method, url=url, **kwargs)
../../anaconda3/lib/python3.6/site-packages/requests/sessions.py:513: in request
    resp = self.send(prep, **send_kwargs)
../../anaconda3/lib/python3.6/site-packages/requests/sessions.py:623: in send
    r = adapter.send(request, **kwargs)
_ _ _ _ _ _ _ _ _ _ _ _ _ _ _ _ _ _ _ _ _ _ _ _ _ _ _ _ _ _ _ _ _ _ _ _ _ _ _ _ 

self = <requests.adapters.HTTPAdapter object at 0x1a1b8f20f0>
request = <PreparedRequest [GET]>, stream = False
timeout = <urllib3.util.timeout.Timeout object at 0x1a13afc9e8>, verify = True
cert = None, proxies = OrderedDict()

    def send(self, request, stream=False, timeout=None, verify=True, cert=None, proxies=None):
        """Sends PreparedRequest object. Returns Response object.
    
            :param request: The :class:`PreparedRequest <PreparedRequest>` being sent.
            :param stream: (optional) Whether to stream the request content.
            :param timeout: (optional) How long to wait for the server to send
                data before giving up, as a float, or a :ref:`(connect timeout,
                read timeout) <timeouts>` tuple.
            :type timeout: float or tuple or urllib3 Timeout object
            :param verify: (optional) Either a boolean, in which case it controls whether
                we verify the server's TLS certificate, or a string, in which case it
                must be a path to a CA bundle to use
            :param cert: (optional) Any user-provided SSL certificate to be trusted.
            :param proxies: (optional) The proxies dictionary to apply to the request.
            :rtype: requests.Response
            """
    
        conn = self.get_connection(request.url, proxies)
    
        self.cert_verify(conn, request.url, verify, cert)
        url = self.request_url(request, proxies)
        self.add_headers(request)
    
        chunked = not (request.body is None or 'Content-Length' in request.headers)
    
        if isinstance(timeout, tuple):
            try:
                connect, read = timeout
                timeout = TimeoutSauce(connect=connect, read=read)
            except ValueError as e:
                # this may raise a string formatting error.
                err = ("Invalid timeout {0}. Pass a (connect, read) "
                       "timeout tuple, or a single float to set "
                       "both timeouts to the same value".format(timeout))
                raise ValueError(err)
        elif isinstance(timeout, TimeoutSauce):
            pass
        else:
            timeout = TimeoutSauce(connect=timeout, read=timeout)
    
        try:
            if not chunked:
                resp = conn.urlopen(
                    method=request.method,
                    url=url,
                    body=request.body,
                    headers=request.headers,
                    redirect=False,
                    assert_same_host=False,
                    preload_content=False,
                    decode_content=False,
                    retries=self.max_retries,
                    timeout=timeout
                )
    
            # Send the request.
            else:
                if hasattr(conn, 'proxy_pool'):
                    conn = conn.proxy_pool
    
                low_conn = conn._get_conn(timeout=DEFAULT_POOL_TIMEOUT)
    
                try:
                    low_conn.putrequest(request.method,
                                        url,
                                        skip_accept_encoding=True)
    
                    for header, value in request.headers.items():
                        low_conn.putheader(header, value)
    
                    low_conn.endheaders()
    
                    for i in request.body:
                        low_conn.send(hex(len(i))[2:].encode('utf-8'))
                        low_conn.send(b'\r\n')
                        low_conn.send(i)
                        low_conn.send(b'\r\n')
                    low_conn.send(b'0\r\n\r\n')
    
                    # Receive the response from the server
                    try:
                        # For Python 2.7+ versions, use buffering of HTTP
                        # responses
                        r = low_conn.getresponse(buffering=True)
                    except TypeError:
[...]
    
            .. note::
    
               More commonly, it's appropriate to use a convenience method provided
               by :class:`.RequestMethods`, such as :meth:`request`.
    
            .. note::
    
               `release_conn` will only behave as expected if
               `preload_content=False` because we want to make
               `preload_content=False` the default behaviour someday soon without
               breaking backwards compatibility.
    
            :param method:
                HTTP request method (such as GET, POST, PUT, etc.)
    
            :param body:
                Data to send in the request body (useful for creating
                POST requests, see HTTPConnectionPool.post_url for
                more convenience).
    
            :param headers:
                Dictionary of custom headers to send, such as User-Agent,
                If-None-Match, etc. If None, pool headers are used. If provided,
                these headers completely replace any pool-specific headers.
    
            :param retries:
                Configure the number of retries to allow before raising a
                :class:`~urllib3.exceptions.MaxRetryError` exception.
    
                Pass ``None`` to retry until you receive a response. Pass a
                :class:`~urllib3.util.retry.Retry` object for fine-grained control
                over different types of retries.
                Pass an integer number to retry connection errors that many times,
                but no other types of errors. Pass zero to never retry.
    
                If ``False``, then retries are disabled and any exception is raised
                immediately. Also, instead of raising a MaxRetryError on redirects,
                the redirect response will be returned.
    
            :type retries: :class:`~urllib3.util.retry.Retry`, False, or an int.
    
            :param redirect:
                If True, automatically handle redirects (status codes 301, 302,
                303, 307, 308). Each redirect counts as a retry. Disabling retries
                will disable redirect, too.
    
            :param assert_same_host:
                If ``True``, will make sure that the host of the pool requests is
                consistent else will raise HostChangedError. When False, you can
                use the pool on an HTTP proxy and request foreign hosts.
    
            :param timeout:
                If specified, overrides the default timeout for this one
                request. It may be a float (in seconds) or an instance of
                :class:`urllib3.util.Timeout`.
    
            :param pool_timeout:
                If set and the pool is set to block=True, then this method will
                block for ``pool_timeout`` seconds and raise EmptyPoolError if no
                connection is available within the time period.
    
            :param release_conn:
                If False, then the urlopen call will not release the connection
                back into the pool once a response is received (but will release if
                you read the entire contents of the response such as when
                `preload_content=True`). This is useful if you're not preloading
                the response's content immediately. You will need to call
                ``r.release_conn()`` on the response ``r`` to return the connection
                back into the pool. If None, it takes the value of
                ``response_kw.get('preload_content', True)``.
    
            :param chunked:
                If True, urllib3 will send the body using chunked transfer
                encoding. Otherwise, urllib3 will send the body using the standard
                content-length form. Defaults to False.
    
            :param int body_pos:
                Position to seek to in file-like body in the event of a retry or
                redirect. Typically this won't need to be set because urllib3 will
                auto-populate the value when needed.
    
            :param \\**response_kw:
                Additional parameters are passed to
                :meth:`urllib3.response.HTTPResponse.from_httplib`
            """
        if headers is None:
            headers = self.headers
    
        if not isinstance(retries, Retry):
            retries = Retry.from_int(retries, redirect=redirect, default=self.retries)
    
        if release_conn is None:
            release_conn = response_kw.get('preload_content', True)
    
        # Check host
        if assert_same_host and not self.is_same_host(url):
            raise HostChangedError(self, url, retries)
    
        conn = None
    
        # Track whether `conn` needs to be released before
        # returning/raising/recursing. Update this variable if necessary, and
        # leave `release_conn` constant throughout the function. That way, if
        # the function recurses, the original value of `release_conn` will be
        # passed down into the recursive call, and its value will be respected.
        #
        # See issue #651 [1] for details.
        #
        # [1] <https://github.com/shazow/urllib3/issues/651>
        release_this_conn = release_conn
    
        # Merge the proxy headers. Only do this in HTTP. We have to copy the
        # headers dict so we can safely change it without those changes being
        # reflected in anyone else's copy.
        if self.scheme == 'http':
            headers = headers.copy()
            headers.update(self.proxy_headers)
    
        # Must keep the exception bound to a separate variable or else Python 3
        # complains about UnboundLocalError.
        err = None
    
        # Keep track of whether we cleanly exited the except block. This
        # ensures we do proper cleanup in finally.
        clean_exit = False
    
        # Rewind body position, if needed. Record current position
        # for future rewinds in the event of a redirect/retry.
        body_pos = set_file_position(body, body_pos)
    
        try:
            # Request a connection from the queue.
            timeout_obj = self._get_timeout(timeout)
            conn = self._get_conn(timeout=pool_timeout)
    
            conn.timeout = timeout_obj.connect_timeout
    
            is_new_proxy_conn = self.proxy is not None and not getattr(conn, 'sock', None)
            if is_new_proxy_conn:
                self._prepare_proxy(conn)
    
            # Make the request on the httplib connection object.
            httplib_response = self._make_request(conn, method, url,
                                                  timeout=timeout_obj,
                                                  body=body, headers=headers,
                                                  chunked=chunked)
    
            # If we're going to release the connection in ``finally:``, then
            # the response doesn't need to know about the connection. Otherwise
            # it will also try to release it and we'll have a double-release
            # mess.
            response_conn = conn if not release_conn else None
    
            # Pass method to Response for length checking
            response_kw['request_method'] = method
    
            # Import httplib's response into our own wrapper object
            response = self.ResponseCls.from_httplib(httplib_response,
                                                     pool=self,
                                                     connection=response_conn,
                                                     retries=retries,
                                                     **response_kw)
    
            # Everything went great!
            clean_exit = True
    
        except queue.Empty:
            # Timed out by queue.
            raise EmptyPoolError(self, "No pool connections are available.")
    
        except (BaseSSLError, CertificateError) as e:
            # Close the connection. If a connection is reused on which there
            # was a Certificate error, the next request will certainly raise
            # another Certificate error.
            clean_exit = False
            raise SSLError(e)
    
        except SSLError:
            # Treat SSLError separately from BaseSSLError to preserve
            # traceback.
            clean_exit = False
            raise
    
        except (TimeoutError, HTTPException, SocketError, ProtocolError) as e:
            # Discard the connection for these exceptions. It will be
            # be replaced during the next _get_conn() call.
            clean_exit = False
    
            if isinstance(e, (SocketError, NewConnectionError)) and self.proxy:
                e = ProxyError('Cannot connect to proxy.', e)
            elif isinstance(e, (SocketError, HTTPException)):
                e = ProtocolError('Connection aborted.', e)
    
            retries = retries.increment(method, url, error=e, _pool=self,
>                                       _stacktrace=sys.exc_info()[2])

../../anaconda3/lib/python3.6/site-packages/urllib3/connectionpool.py:649: 
_ _ _ _ _ _ _ _ _ _ _ _ _ _ _ _ _ _ _ _ _ _ _ _ _ _ _ _ _ _ _ _ _ _ _ _ _ _ _ _ 

self = Retry(total=0, connect=None, read=False, redirect=None, status=None)
method = 'GET'
url = '/v2/top-headlines?country=US&apiKey=eb4ad8625c5b4f57bb62f8c95601038a'
response = None
error = NewConnectionError('<urllib3.connection.VerifiedHTTPSConnection object at 0x1a1c069240>: Failed to establish a new connection: [Errno 8] nodename nor servname provided, or not known',)
_pool = <urllib3.connectionpool.HTTPSConnectionPool object at 0x1a1cf30278>
_stacktrace = <traceback object at 0x1a1368bbc8>

    def increment(self, method=None, url=None, response=None, error=None,
                  _pool=None, _stacktrace=None):
        """ Return a new Retry object with incremented retry counters.
    
            :param response: A response object, or None, if the server did not
                return a response.
            :type response: :class:`~urllib3.response.HTTPResponse`
            :param Exception error: An error encountered during the request, or
                None if the response was received successfully.
    
            :return: A new ``Retry`` object.
            """
        if self.total is False and error:
            # Disabled, indicate to re-raise the error.
            raise six.reraise(type(error), error, _stacktrace)
    
        total = self.total
        if total is not None:
            total -= 1
    
        connect = self.connect
        read = self.read
        redirect = self.redirect
        status_count = self.status
        cause = 'unknown'
        status = None
        redirect_location = None
    
        if error and self._is_connection_error(error):
            # Connect retry?
            if connect is False:
                raise six.reraise(type(error), error, _stacktrace)
            elif connect is not None:
                connect -= 1
    
        elif error and self._is_read_error(error):
            # Read retry?
            if read is False or not self._is_method_retryable(method):
                raise six.reraise(type(error), error, _stacktrace)
            elif read is not None:
                read -= 1
    
        elif response and response.get_redirect_location():
            # Redirect retry?
            if redirect is not None:
                redirect -= 1
            cause = 'too many redirects'
            redirect_location = response.get_redirect_location()
            status = response.status
    
        else:
            # Incrementing because of a server error like a 500 in
            # status_forcelist and a the given method is in the whitelist
            cause = ResponseError.GENERIC_ERROR
            if response and response.status:
                if status_count is not None:
                    status_count -= 1
                cause = ResponseError.SPECIFIC_ERROR.format(
                    status_code=response.status)
                status = response.status
    
        history = self.history + (RequestHistory(method, url, error, status, redirect_location),)
    
        new_retry = self.new(
            total=total,
            connect=connect, read=read, redirect=redirect, status=status_count,
            history=history)
    
        if new_retry.is_exhausted():
>           raise MaxRetryError(_pool, url, error or ResponseError(cause))
E           urllib3.exceptions.MaxRetryError: HTTPSConnectionPool(host='newsapi.org', port=443): Max retries exceeded with url: /v2/top-headlines?country=US&apiKey=eb4ad8625c5b4f57bb62f8c95601038a (Caused by NewConnectionError('<urllib3.connection.VerifiedHTTPSConnection object at 0x1a1c069240>: Failed to establish a new connection: [Errno 8] nodename nor servname provided, or not known',))

../../anaconda3/lib/python3.6/site-packages/urllib3/util/retry.py:388: MaxRetryError

During handling of the above exception, another exception occurred:

self = <test_news_server_trending.FlaskClientTest testMethod=test_trending>

    def setUp(self):
>       self.app = create_app()

tests/test_news_server_trending.py:16: 
_ _ _ _ _ _ _ _ _ _ _ _ _ _ _ _ _ _ _ _ _ _ _ _ _ _ _ _ _ _ _ _ _ _ _ _ _ _ _ _ 
news_server.py:28: in create_app
    update_index(db)
news_server.py:193: in update_index
    r = requests.get('https://newsapi.org/v2/top-headlines', params=payload)
../../anaconda3/lib/python3.6/site-packages/requests/api.py:72: in get
    return request('get', url, params=params, **kwargs)
../../anaconda3/lib/python3.6/site-packages/requests/api.py:58: in request
    return session.request(method=method, url=url, **kwargs)
../../anaconda3/lib/python3.6/site-packages/requests/sessions.py:513: in request
    resp = self.send(prep, **send_kwargs)
../../anaconda3/lib/python3.6/site-packages/requests/sessions.py:623: in send
    r = adapter.send(request, **kwargs)
_ _ _ _ _ _ _ _ _ _ _ _ _ _ _ _ _ _ _ _ _ _ _ _ _ _ _ _ _ _ _ _ _ _ _ _ _ _ _ _ 

self = <requests.adapters.HTTPAdapter object at 0x1a1cc61748>
request = <PreparedRequest [GET]>, stream = False
timeout = <urllib3.util.timeout.Timeout object at 0x1a1cf30400>, verify = True
cert = None, proxies = OrderedDict()

    def send(self, request, stream=False, timeout=None, verify=True, cert=None, proxies=None):
        """Sends PreparedRequest object. Returns Response object.
    
            :param request: The :class:`PreparedRequest <PreparedRequest>` being sent.
            :param stream: (optional) Whether to stream the request content.
            :param timeout: (optional) How long to wait for the server to send
                data before giving up, as a float, or a :ref:`(connect timeout,
                read timeout) <timeouts>` tuple.
            :type timeout: float or tuple or urllib3 Timeout object
            :param verify: (optional) Either a boolean, in which case it controls whether
                we verify the server's TLS certificate, or a string, in which case it
                must be a path to a CA bundle to use
            :param cert: (optional) Any user-provided SSL certificate to be trusted.
            :param proxies: (optional) The proxies dictionary to apply to the request.
            :rtype: requests.Response
            """
    
        conn = self.get_connection(request.url, proxies)
    
        self.cert_verify(conn, request.url, verify, cert)
        url = self.request_url(request, proxies)
        self.add_headers(request)
    
        chunked = not (request.body is None or 'Content-Length' in request.headers)
    
        if isinstance(timeout, tuple):
            try:
                connect, read = timeout
                timeout = TimeoutSauce(connect=connect, read=read)
            except ValueError as e:
                # this may raise a string formatting error.
                err = ("Invalid timeout {0}. Pass a (connect, read) "
                       "timeout tuple, or a single float to set "
                       "both timeouts to the same value".format(timeout))
                raise ValueError(err)
        elif isinstance(timeout, TimeoutSauce):
            pass
        else:
            timeout = TimeoutSauce(connect=timeout, read=timeout)
    
        try:
            if not chunked:
                resp = conn.urlopen(
                    method=request.method,
                    url=url,
                    body=request.body,
                    headers=request.headers,
                    redirect=False,
                    assert_same_host=False,
                    preload_content=False,
                    decode_content=False,
                    retries=self.max_retries,
                    timeout=timeout
                )
    
            # Send the request.
            else:
                if hasattr(conn, 'proxy_pool'):
                    conn = conn.proxy_pool
    
                low_conn = conn._get_conn(timeout=DEFAULT_POOL_TIMEOUT)
    
                try:
                    low_conn.putrequest(request.method,
                                        url,
                                        skip_accept_encoding=True)
    
                    for header, value in request.headers.items():
                        low_conn.putheader(header, value)
    
                    low_conn.endheaders()
    
                    for i in request.body:
                        low_conn.send(hex(len(i))[2:].encode('utf-8'))
                        low_conn.send(b'\r\n')
                        low_conn.send(i)
                        low_conn.send(b'\r\n')
                    low_conn.send(b'0\r\n\r\n')
    
                    # Receive the response from the server
                    try:
                        # For Python 2.7+ versions, use buffering of HTTP
                        # responses
                        r = low_conn.getresponse(buffering=True)
                    except TypeError:
                        # For compatibility with Python 2.6 versions and back
                        r = low_conn.getresponse()
    
                    resp = HTTPResponse.from_httplib(
                        r,
                        pool=conn,
                        connection=low_conn,
                        preload_content=False,
                        decode_content=False
                    )
                except:
                    # If we hit any problems here, clean up the connection.
                    # Then, reraise so that we can handle the actual exception.
                    low_conn.close()
                    raise
    
        except (ProtocolError, socket.error) as err:
            raise ConnectionError(err, request=request)
    
        except MaxRetryError as e:
            if isinstance(e.reason, ConnectTimeoutError):
                # TODO: Remove this in 3.0.0: see #2811
                if not isinstance(e.reason, NewConnectionError):
                    raise ConnectTimeout(e, request=request)
    
            if isinstance(e.reason, ResponseError):
                raise RetryError(e, request=request)
    
            if isinstance(e.reason, _ProxyError):
                raise ProxyError(e, request=request)
    
>           raise ConnectionError(e, request=request)
E           requests.exceptions.ConnectionError: HTTPSConnectionPool(host='newsapi.org', port=443): Max retries exceeded with url: /v2/top-headlines?country=US&apiKey=eb4ad8625c5b4f57bb62f8c95601038a (Caused by NewConnectionError('<urllib3.connection.VerifiedHTTPSConnection object at 0x1a1c069240>: Failed to establish a new connection: [Errno 8] nodename nor servname provided, or not known',))

../../anaconda3/lib/python3.6/site-packages/requests/adapters.py:504: ConnectionError
----------------------------- Captured stdout call -----------------------------
create app
updating main page...
==================== 9 failed, 20 passed in 453.72 seconds =====================
