============================= test session starts ==============================
platform darwin -- Python 3.6.4, pytest-3.3.2, py-1.5.2, pluggy-0.6.0
rootdir: /Users/vivngo/Documents/class/18f/ase/NewsServer, inifile:
plugins: cov-2.6.0
collected 37 items

tests/test_article.py .......                                            [ 18%]
tests/test_model.py ..........                                           [ 45%]
tests/test_news_server.py .....                                          [ 59%]
tests/test_news_server_analytics.py FFF.FFF                              [ 78%]
tests/test_news_server_search.py FFFFFFFF                                [100%]

---------- coverage: platform darwin, python 3.6.4-final-0 -----------
Name                                  Stmts   Miss  Cover
---------------------------------------------------------
Article.py                               93      3    97%
models.py                               121     88    27%
news_server.py                          138     52    62%
parsers.py                               16      1    94%
tests/test_article.py                    42      0   100%
tests/test_model.py                      55      1    98%
tests/test_news_server.py                34      0   100%
tests/test_news_server_analytics.py      83     39    53%
tests/test_news_server_search.py         59     27    54%
tests/test_news_server_trending.py        0      0   100%
trainingSetCollector.py                  19     19     0%
---------------------------------------------------------
TOTAL                                   660    230    65%


=================================== FAILURES ===================================
_______________________ FlaskClientTest.test_add_history _______________________

self = <test_news_server_analytics.FlaskClientTest testMethod=test_add_history>

    def test_add_history(self):
        username = self.user_with_history
        user_history = self.db["user_history"]
>       user_history.remove({'username':username})  # clear history from previous tests

tests/test_news_server_analytics.py:39: 
_ _ _ _ _ _ _ _ _ _ _ _ _ _ _ _ _ _ _ _ _ _ _ _ _ _ _ _ _ _ _ _ _ _ _ _ _ _ _ _ 
/anaconda3/lib/python3.6/site-packages/pymongo/collection.py:3216: in remove
    spec_or_id, multi, write_concern, collation=collation)
/anaconda3/lib/python3.6/site-packages/pymongo/collection.py:1154: in _delete_retryable
    _delete, session)
/anaconda3/lib/python3.6/site-packages/pymongo/mongo_client.py:1247: in _retryable_write
    with self._tmp_session(session) as s:
/anaconda3/lib/python3.6/contextlib.py:81: in __enter__
    return next(self.gen)
/anaconda3/lib/python3.6/site-packages/pymongo/mongo_client.py:1576: in _tmp_session
    s = self._ensure_session(session)
/anaconda3/lib/python3.6/site-packages/pymongo/mongo_client.py:1563: in _ensure_session
    return self.__start_session(True, causal_consistency=False)
/anaconda3/lib/python3.6/site-packages/pymongo/mongo_client.py:1516: in __start_session
    server_session = self._get_server_session()
/anaconda3/lib/python3.6/site-packages/pymongo/mongo_client.py:1549: in _get_server_session
    return self._topology.get_server_session()
/anaconda3/lib/python3.6/site-packages/pymongo/topology.py:432: in get_server_session
    None)
_ _ _ _ _ _ _ _ _ _ _ _ _ _ _ _ _ _ _ _ _ _ _ _ _ _ _ _ _ _ _ _ _ _ _ _ _ _ _ _ 

self = <pymongo.topology.Topology object at 0x1a21c327b8>
selector = <function readable_server_selector at 0x1118b79d8>, timeout = 30
address = None

    def _select_servers_loop(self, selector, timeout, address):
        """select_servers() guts. Hold the lock when calling this."""
        now = _time()
        end_time = now + timeout
        server_descriptions = self._description.apply_selector(
            selector, address)
    
        while not server_descriptions:
            # No suitable servers.
            if timeout == 0 or now > end_time:
                raise ServerSelectionTimeoutError(
>                   self._error_message(selector))
E               pymongo.errors.ServerSelectionTimeoutError: cluster0-shard-00-00-avowj.mongodb.net:27017: [Errno 8] nodename nor servname provided, or not known,cluster0-shard-00-02-avowj.mongodb.net:27017: [Errno 8] nodename nor servname provided, or not known,cluster0-shard-00-01-avowj.mongodb.net:27017: [Errno 8] nodename nor servname provided, or not known

/anaconda3/lib/python3.6/site-packages/pymongo/topology.py:199: ServerSelectionTimeoutError
----------------------------- Captured stdout call -----------------------------
create app
updating main page...
https://www.aljazeera.com/news/2018/12/senators-doubt-mbs-ordered-khashoggi-killing-181204175113812.html
https://www.usatoday.com/story/news/politics/2018/12/04/nrcc-hack-2018/2203910002/
https://www.cosmopolitan.com/entertainment/celebs/a25398092/kim-kardashian-kanye-west-cher-nip-slip/
[REQUEST FAILED]
[REQUEST FAILED]
build failed
pass this article.
https://www.politico.com/story/2018/12/04/us-suspend-arms-pact-russia-cheating-1043451
[REQUEST FAILED]
[REQUEST FAILED]
build failed
pass this article.
https://www.politico.com/newsletters/playbook-pm/2018/12/04/nrcc-hacked-357083
[REQUEST FAILED]
[REQUEST FAILED]
build failed
pass this article.
https://fortniteintel.com/2018/12/04/fan-made-fortnite-concept-skin-could-make-awesome-nintendo-mashup/
[REQUEST FAILED]
[REQUEST FAILED]
build failed
pass this article.
http://www.tmz.com/2018/12/04/priyanka-chopra-nick-jonas-wedding-celebration-delhi-india/
[REQUEST FAILED]
[REQUEST FAILED]
build failed
pass this article.
https://thehill.com/homenews/campaign/419647-report-cyber-breach-exposed-nrcc-emails
[REQUEST FAILED]
[REQUEST FAILED]
build failed
pass this article.
https://www.foxnews.com/lifestyle/popular-dog-food-brands-facing-recall-for-toxic-levels-of-vitamin-d-fda-warns
[REQUEST FAILED]
[REQUEST FAILED]
build failed
pass this article.
https://deadspin.com/the-nhl-is-coming-to-seattle-1830849824
[REQUEST FAILED]
[REQUEST FAILED]
build failed
pass this article.
https://www.si.com/nfl/2018/12/04/nfl-power-rankings-2018
[REQUEST FAILED]
[REQUEST FAILED]
build failed
pass this article.
https://www.wapt.com/article/health-officials-urge-flu-shots-after-laboratory-confirms-case-in-mississippi/25396664
[REQUEST FAILED]
[REQUEST FAILED]
build failed
pass this article.
https://www.foxnews.com/us/jeffrey-epstein-a-registered-sex-offender-settles-civil-lawsuit-and-avoids-testimony-from-alleged-victims
[REQUEST FAILED]
[REQUEST FAILED]
build failed
pass this article.
https://www.npr.org/2018/12/04/673220725/visitors-stream-through-capitol-rotunda-as-george-h-w-bush-lies-in-state
[REQUEST FAILED]
[REQUEST FAILED]
build failed
pass this article.
https://www.npr.org/2018/12/04/673222935/urban-meyer-will-retire-as-ohio-states-football-coach-after-scandal-marred-seaso
[REQUEST FAILED]
[REQUEST FAILED]
build failed
pass this article.
http://www.newser.com/story/268113/can-your-rare-blood-save-this-toddler-with-cancer.html
[REQUEST FAILED]
[REQUEST FAILED]
build failed
pass this article.
https://guacamoley.com/lol/2018/12/04/nyc-restaurant-blasts-thank-u-next-as-pete-davidson-dines-and-its-just-too-awkward/
[REQUEST FAILED]
[REQUEST FAILED]
build failed
pass this article.
https://www.usatoday.com/story/money/2018/12/04/burger-king-penny-whopper-promotion-mcdonalds/2197166002/
[REQUEST FAILED]
[REQUEST FAILED]
build failed
pass this article.
https://www.thedailybeast.com/meghan-and-harry-will-actually-stay-in-kate-and-williams-house-at-christmas-to-fight-rift-rumors
[REQUEST FAILED]
[REQUEST FAILED]
build failed
pass this article.
https://www.theinquirer.net/inquirer/news/3066173/iphone-2019-release-date-price-specs-no-5g-qualcomm-feud
[REQUEST FAILED]
[REQUEST FAILED]
build failed
pass this article.
update finished!
------------------------------ Captured log call -------------------------------
connectionpool.py          824 DEBUG    Starting new HTTPS connection (1): newsapi.org
connectionpool.py          396 DEBUG    https://newsapi.org:443 "GET /v2/top-headlines?country=US&apiKey=eb4ad8625c5b4f57bb62f8c95601038a HTTP/1.1" 200 17375
connectionpool.py          824 DEBUG    Starting new HTTPS connection (1): www.aljazeera.com
connectionpool.py          396 DEBUG    https://www.aljazeera.com:443 "GET /news/2018/12/senators-doubt-mbs-ordered-khashoggi-killing-181204175113812.html HTTP/1.1" 200 11452
connectionpool.py          824 DEBUG    Starting new HTTPS connection (1): www.aljazeera.com
connectionpool.py          396 DEBUG    https://www.aljazeera.com:443 "GET /mritems/imagecache/mbdxxlarge/mritems/Images/2018/11/22/b012880472724207b1597ad4ea486d09_18.jpg HTTP/1.1" 200 32066
connectionpool.py          824 DEBUG    Starting new HTTPS connection (1): www.usatoday.com
connectionpool.py          396 DEBUG    https://www.usatoday.com:443 "GET /story/news/politics/2018/12/04/nrcc-hack-2018/2203910002/ HTTP/1.1" 200 51971
connectionpool.py          824 DEBUG    Starting new HTTPS connection (1): www.gannett-cdn.com
connectionpool.py          396 DEBUG    https://www.gannett-cdn.com:443 "GET /presto/2018/12/04/USAT/1ce2f66d-625c-4646-a66e-8cf023e94308-AP_Trump.jpg?width=534&height=401&fit=bounds&auto=webp HTTP/1.1" 200 39096
connectionpool.py          824 DEBUG    Starting new HTTPS connection (1): www.cosmopolitan.com
connectionpool.py          824 DEBUG    Starting new HTTPS connection (1): www.politico.com
connectionpool.py          824 DEBUG    Starting new HTTPS connection (1): www.politico.com
connectionpool.py          824 DEBUG    Starting new HTTPS connection (1): fortniteintel.com
connectionpool.py          208 DEBUG    Starting new HTTP connection (1): www.tmz.com
connectionpool.py          824 DEBUG    Starting new HTTPS connection (1): thehill.com
connectionpool.py          824 DEBUG    Starting new HTTPS connection (1): www.foxnews.com
connectionpool.py          824 DEBUG    Starting new HTTPS connection (1): deadspin.com
connectionpool.py          824 DEBUG    Starting new HTTPS connection (1): www.si.com
connectionpool.py          824 DEBUG    Starting new HTTPS connection (1): www.wapt.com
connectionpool.py          824 DEBUG    Starting new HTTPS connection (1): www.foxnews.com
connectionpool.py          824 DEBUG    Starting new HTTPS connection (1): www.npr.org
connectionpool.py          824 DEBUG    Starting new HTTPS connection (1): www.npr.org
connectionpool.py          208 DEBUG    Starting new HTTP connection (1): www.newser.com
connectionpool.py          824 DEBUG    Starting new HTTPS connection (1): guacamoley.com
connectionpool.py          824 DEBUG    Starting new HTTPS connection (1): www.usatoday.com
connectionpool.py          824 DEBUG    Starting new HTTPS connection (1): www.thedailybeast.com
connectionpool.py          824 DEBUG    Starting new HTTPS connection (1): www.theinquirer.net
______________________ FlaskClientTest.test_add_history_2 ______________________

self = <urllib3.connection.VerifiedHTTPSConnection object at 0x1a1868fc50>

    def _new_conn(self):
        """ Establish a socket connection and set nodelay settings on it.
    
            :return: New socket connection.
            """
        extra_kw = {}
        if self.source_address:
            extra_kw['source_address'] = self.source_address
    
        if self.socket_options:
            extra_kw['socket_options'] = self.socket_options
    
        try:
            conn = connection.create_connection(
>               (self.host, self.port), self.timeout, **extra_kw)

/anaconda3/lib/python3.6/site-packages/urllib3/connection.py:141: 
_ _ _ _ _ _ _ _ _ _ _ _ _ _ _ _ _ _ _ _ _ _ _ _ _ _ _ _ _ _ _ _ _ _ _ _ _ _ _ _ 

address = ('newsapi.org', 443), timeout = None, source_address = None
socket_options = [(6, 1, 1)]

    def create_connection(address, timeout=socket._GLOBAL_DEFAULT_TIMEOUT,
                          source_address=None, socket_options=None):
        """Connect to *address* and return the socket object.
    
        Convenience function.  Connect to *address* (a 2-tuple ``(host,
        port)``) and return the socket object.  Passing the optional
        *timeout* parameter will set the timeout on the socket instance
        before attempting to connect.  If no *timeout* is supplied, the
        global default timeout setting returned by :func:`getdefaulttimeout`
        is used.  If *source_address* is set it must be a tuple of (host, port)
        for the socket to bind as a source address before making the connection.
        An host of '' or port 0 tells the OS to use the default.
        """
    
        host, port = address
        if host.startswith('['):
            host = host.strip('[]')
        err = None
    
        # Using the value from allowed_gai_family() in the context of getaddrinfo lets
        # us select whether to work with IPv4 DNS records, IPv6 records, or both.
        # The original create_connection function always returns all records.
        family = allowed_gai_family()
    
>       for res in socket.getaddrinfo(host, port, family, socket.SOCK_STREAM):

/anaconda3/lib/python3.6/site-packages/urllib3/util/connection.py:60: 
_ _ _ _ _ _ _ _ _ _ _ _ _ _ _ _ _ _ _ _ _ _ _ _ _ _ _ _ _ _ _ _ _ _ _ _ _ _ _ _ 

host = 'newsapi.org', port = 443, family = <AddressFamily.AF_UNSPEC: 0>
type = <SocketKind.SOCK_STREAM: 1>, proto = 0, flags = 0

    def getaddrinfo(host, port, family=0, type=0, proto=0, flags=0):
        """Resolve host and port into list of address info entries.
    
        Translate the host/port argument into a sequence of 5-tuples that contain
        all the necessary arguments for creating a socket connected to that service.
        host is a domain name, a string representation of an IPv4/v6 address or
        None. port is a string service name such as 'http', a numeric port number or
        None. By passing None as the value of host and port, you can pass NULL to
        the underlying C API.
    
        The family, type and proto arguments can be optionally specified in order to
        narrow the list of addresses returned. Passing zero as a value for each of
        these arguments selects the full range of results.
        """
        # We override this function since we want to translate the numeric family
        # and socket type values to enum constants.
        addrlist = []
>       for res in _socket.getaddrinfo(host, port, family, type, proto, flags):
E       socket.gaierror: [Errno 8] nodename nor servname provided, or not known

/anaconda3/lib/python3.6/socket.py:745: gaierror

During handling of the above exception, another exception occurred:

self = <urllib3.connectionpool.HTTPSConnectionPool object at 0x1a1868f6a0>
method = 'GET'
url = '/v2/top-headlines?country=US&apiKey=eb4ad8625c5b4f57bb62f8c95601038a'
body = None
headers = {'User-Agent': 'python-requests/2.18.4', 'Accept-Encoding': 'gzip, deflate', 'Accept': '*/*', 'Connection': 'keep-alive'}
retries = Retry(total=0, connect=None, read=False, redirect=None, status=None)
redirect = False, assert_same_host = False
timeout = <urllib3.util.timeout.Timeout object at 0x1a1868f710>
pool_timeout = None, release_conn = False, chunked = False, body_pos = None
response_kw = {'decode_content': False, 'preload_content': False}, conn = None
release_this_conn = True, err = None, clean_exit = False
timeout_obj = <urllib3.util.timeout.Timeout object at 0x1a1868f828>
is_new_proxy_conn = False

    def urlopen(self, method, url, body=None, headers=None, retries=None,
                redirect=True, assert_same_host=True, timeout=_Default,
                pool_timeout=None, release_conn=None, chunked=False,
                body_pos=None, **response_kw):
        """
            Get a connection from the pool and perform an HTTP request. This is the
            lowest level call for making a request, so you'll need to specify all
            the raw details.
    
            .. note::
    
               More commonly, it's appropriate to use a convenience method provided
               by :class:`.RequestMethods`, such as :meth:`request`.
    
            .. note::
    
               `release_conn` will only behave as expected if
               `preload_content=False` because we want to make
               `preload_content=False` the default behaviour someday soon without
               breaking backwards compatibility.
    
            :param method:
                HTTP request method (such as GET, POST, PUT, etc.)
    
            :param body:
                Data to send in the request body (useful for creating
                POST requests, see HTTPConnectionPool.post_url for
                more convenience).
    
            :param headers:
                Dictionary of custom headers to send, such as User-Agent,
                If-None-Match, etc. If None, pool headers are used. If provided,
                these headers completely replace any pool-specific headers.
    
            :param retries:
                Configure the number of retries to allow before raising a
                :class:`~urllib3.exceptions.MaxRetryError` exception.
    
                Pass ``None`` to retry until you receive a response. Pass a
                :class:`~urllib3.util.retry.Retry` object for fine-grained control
                over different types of retries.
                Pass an integer number to retry connection errors that many times,
                but no other types of errors. Pass zero to never retry.
    
                If ``False``, then retries are disabled and any exception is raised
                immediately. Also, instead of raising a MaxRetryError on redirects,
                the redirect response will be returned.
    
            :type retries: :class:`~urllib3.util.retry.Retry`, False, or an int.
    
            :param redirect:
                If True, automatically handle redirects (status codes 301, 302,
                303, 307, 308). Each redirect counts as a retry. Disabling retries
                will disable redirect, too.
    
            :param assert_same_host:
                If ``True``, will make sure that the host of the pool requests is
                consistent else will raise HostChangedError. When False, you can
                use the pool on an HTTP proxy and request foreign hosts.
    
            :param timeout:
                If specified, overrides the default timeout for this one
                request. It may be a float (in seconds) or an instance of
                :class:`urllib3.util.Timeout`.
    
            :param pool_timeout:
                If set and the pool is set to block=True, then this method will
                block for ``pool_timeout`` seconds and raise EmptyPoolError if no
                connection is available within the time period.
    
            :param release_conn:
                If False, then the urlopen call will not release the connection
                back into the pool once a response is received (but will release if
                you read the entire contents of the response such as when
                `preload_content=True`). This is useful if you're not preloading
                the response's content immediately. You will need to call
                ``r.release_conn()`` on the response ``r`` to return the connection
                back into the pool. If None, it takes the value of
                ``response_kw.get('preload_content', True)``.
    
            :param chunked:
                If True, urllib3 will send the body using chunked transfer
                encoding. Otherwise, urllib3 will send the body using the standard
                content-length form. Defaults to False.
    
            :param int body_pos:
                Position to seek to in file-like body in the event of a retry or
                redirect. Typically this won't need to be set because urllib3 will
                auto-populate the value when needed.
    
            :param \\**response_kw:
                Additional parameters are passed to
                :meth:`urllib3.response.HTTPResponse.from_httplib`
            """
        if headers is None:
            headers = self.headers
    
        if not isinstance(retries, Retry):
            retries = Retry.from_int(retries, redirect=redirect, default=self.retries)
    
        if release_conn is None:
            release_conn = response_kw.get('preload_content', True)
    
        # Check host
        if assert_same_host and not self.is_same_host(url):
            raise HostChangedError(self, url, retries)
    
        conn = None
    
        # Track whether `conn` needs to be released before
        # returning/raising/recursing. Update this variable if necessary, and
        # leave `release_conn` constant throughout the function. That way, if
        # the function recurses, the original value of `release_conn` will be
        # passed down into the recursive call, and its value will be respected.
        #
        # See issue #651 [1] for details.
        #
        # [1] <https://github.com/shazow/urllib3/issues/651>
        release_this_conn = release_conn
    
        # Merge the proxy headers. Only do this in HTTP. We have to copy the
        # headers dict so we can safely change it without those changes being
        # reflected in anyone else's copy.
        if self.scheme == 'http':
            headers = headers.copy()
            headers.update(self.proxy_headers)
    
        # Must keep the exception bound to a separate variable or else Python 3
        # complains about UnboundLocalError.
        err = None
    
        # Keep track of whether we cleanly exited the except block. This
        # ensures we do proper cleanup in finally.
        clean_exit = False
    
        # Rewind body position, if needed. Record current position
        # for future rewinds in the event of a redirect/retry.
        body_pos = set_file_position(body, body_pos)
    
        try:
            # Request a connection from the queue.
            timeout_obj = self._get_timeout(timeout)
            conn = self._get_conn(timeout=pool_timeout)
    
            conn.timeout = timeout_obj.connect_timeout
    
            is_new_proxy_conn = self.proxy is not None and not getattr(conn, 'sock', None)
            if is_new_proxy_conn:
                self._prepare_proxy(conn)
    
            # Make the request on the httplib connection object.
            httplib_response = self._make_request(conn, method, url,
                                                  timeout=timeout_obj,
                                                  body=body, headers=headers,
>                                                 chunked=chunked)

/anaconda3/lib/python3.6/site-packages/urllib3/connectionpool.py:601: 
_ _ _ _ _ _ _ _ _ _ _ _ _ _ _ _ _ _ _ _ _ _ _ _ _ _ _ _ _ _ _ _ _ _ _ _ _ _ _ _ 

self = <urllib3.connectionpool.HTTPSConnectionPool object at 0x1a1868f6a0>
conn = <urllib3.connection.VerifiedHTTPSConnection object at 0x1a1868fc50>
method = 'GET'
url = '/v2/top-headlines?country=US&apiKey=eb4ad8625c5b4f57bb62f8c95601038a'
timeout = <urllib3.util.timeout.Timeout object at 0x1a1868f828>, chunked = False
httplib_request_kw = {'body': None, 'headers': {'User-Agent': 'python-requests/2.18.4', 'Accept-Encoding': 'gzip, deflate', 'Accept': '*/*', 'Connection': 'keep-alive'}}
timeout_obj = <urllib3.util.timeout.Timeout object at 0x1a1868fc88>

    def _make_request(self, conn, method, url, timeout=_Default, chunked=False,
                      **httplib_request_kw):
        """
            Perform a request on a given urllib connection object taken from our
            pool.
    
            :param conn:
                a connection from one of our connection pools
    
            :param timeout:
                Socket timeout in seconds for the request. This can be a
                float or integer, which will set the same timeout value for
                the socket connect and the socket read, or an instance of
                :class:`urllib3.util.Timeout`, which gives you more fine-grained
                control over your timeouts.
            """
        self.num_requests += 1
    
        timeout_obj = self._get_timeout(timeout)
        timeout_obj.start_connect()
        conn.timeout = timeout_obj.connect_timeout
    
        # Trigger any extra validation we need to do.
        try:
>           self._validate_conn(conn)

/anaconda3/lib/python3.6/site-packages/urllib3/connectionpool.py:346: 
_ _ _ _ _ _ _ _ _ _ _ _ _ _ _ _ _ _ _ _ _ _ _ _ _ _ _ _ _ _ _ _ _ _ _ _ _ _ _ _ 

self = <urllib3.connectionpool.HTTPSConnectionPool object at 0x1a1868f6a0>
conn = <urllib3.connection.VerifiedHTTPSConnection object at 0x1a1868fc50>

    def _validate_conn(self, conn):
        """
            Called right before a request is made, after the socket is created.
            """
        super(HTTPSConnectionPool, self)._validate_conn(conn)
    
        # Force connect early to allow us to validate the connection.
        if not getattr(conn, 'sock', None):  # AppEngine might not have  `.sock`
>           conn.connect()

/anaconda3/lib/python3.6/site-packages/urllib3/connectionpool.py:850: 
_ _ _ _ _ _ _ _ _ _ _ _ _ _ _ _ _ _ _ _ _ _ _ _ _ _ _ _ _ _ _ _ _ _ _ _ _ _ _ _ 

self = <urllib3.connection.VerifiedHTTPSConnection object at 0x1a1868fc50>

    def connect(self):
        # Add certificate verification
>       conn = self._new_conn()

/anaconda3/lib/python3.6/site-packages/urllib3/connection.py:284: 
_ _ _ _ _ _ _ _ _ _ _ _ _ _ _ _ _ _ _ _ _ _ _ _ _ _ _ _ _ _ _ _ _ _ _ _ _ _ _ _ 

self = <urllib3.connection.VerifiedHTTPSConnection object at 0x1a1868fc50>

    def _new_conn(self):
        """ Establish a socket connection and set nodelay settings on it.
    
            :return: New socket connection.
            """
        extra_kw = {}
        if self.source_address:
            extra_kw['source_address'] = self.source_address
    
        if self.socket_options:
            extra_kw['socket_options'] = self.socket_options
    
        try:
            conn = connection.create_connection(
                (self.host, self.port), self.timeout, **extra_kw)
    
        except SocketTimeout as e:
            raise ConnectTimeoutError(
                self, "Connection to %s timed out. (connect timeout=%s)" %
                (self.host, self.timeout))
    
        except SocketError as e:
            raise NewConnectionError(
>               self, "Failed to establish a new connection: %s" % e)
E           urllib3.exceptions.NewConnectionError: <urllib3.connection.VerifiedHTTPSConnection object at 0x1a1868fc50>: Failed to establish a new connection: [Errno 8] nodename nor servname provided, or not known

/anaconda3/lib/python3.6/site-packages/urllib3/connection.py:150: NewConnectionError

During handling of the above exception, another exception occurred:

self = <requests.adapters.HTTPAdapter object at 0x1a1868f630>
request = <PreparedRequest [GET]>, stream = False
timeout = <urllib3.util.timeout.Timeout object at 0x1a1868f710>, verify = True
cert = None, proxies = OrderedDict()

    def send(self, request, stream=False, timeout=None, verify=True, cert=None, proxies=None):
        """Sends PreparedRequest object. Returns Response object.
    
            :param request: The :class:`PreparedRequest <PreparedRequest>` being sent.
            :param stream: (optional) Whether to stream the request content.
            :param timeout: (optional) How long to wait for the server to send
                data before giving up, as a float, or a :ref:`(connect timeout,
                read timeout) <timeouts>` tuple.
            :type timeout: float or tuple or urllib3 Timeout object
            :param verify: (optional) Either a boolean, in which case it controls whether
                we verify the server's TLS certificate, or a string, in which case it
                must be a path to a CA bundle to use
            :param cert: (optional) Any user-provided SSL certificate to be trusted.
            :param proxies: (optional) The proxies dictionary to apply to the request.
            :rtype: requests.Response
            """
    
        conn = self.get_connection(request.url, proxies)
    
        self.cert_verify(conn, request.url, verify, cert)
        url = self.request_url(request, proxies)
        self.add_headers(request)
    
        chunked = not (request.body is None or 'Content-Length' in request.headers)
    
        if isinstance(timeout, tuple):
            try:
                connect, read = timeout
                timeout = TimeoutSauce(connect=connect, read=read)
            except ValueError as e:
                # this may raise a string formatting error.
                err = ("Invalid timeout {0}. Pass a (connect, read) "
                       "timeout tuple, or a single float to set "
                       "both timeouts to the same value".format(timeout))
                raise ValueError(err)
        elif isinstance(timeout, TimeoutSauce):
            pass
        else:
            timeout = TimeoutSauce(connect=timeout, read=timeout)
    
        try:
            if not chunked:
                resp = conn.urlopen(
                    method=request.method,
                    url=url,
                    body=request.body,
                    headers=request.headers,
                    redirect=False,
                    assert_same_host=False,
                    preload_content=False,
                    decode_content=False,
                    retries=self.max_retries,
>                   timeout=timeout
                )

/anaconda3/lib/python3.6/site-packages/requests/adapters.py:440: 
_ _ _ _ _ _ _ _ _ _ _ _ _ _ _ _ _ _ _ _ _ _ _ _ _ _ _ _ _ _ _ _ _ _ _ _ _ _ _ _ 

self = <urllib3.connectionpool.HTTPSConnectionPool object at 0x1a1868f6a0>
method = 'GET'
url = '/v2/top-headlines?country=US&apiKey=eb4ad8625c5b4f57bb62f8c95601038a'
body = None
headers = {'User-Agent': 'python-requests/2.18.4', 'Accept-Encoding': 'gzip, deflate', 'Accept': '*/*', 'Connection': 'keep-alive'}
retries = Retry(total=0, connect=None, read=False, redirect=None, status=None)
redirect = False, assert_same_host = False
timeout = <urllib3.util.timeout.Timeout object at 0x1a1868f710>
pool_timeout = None, release_conn = False, chunked = False, body_pos = None
response_kw = {'decode_content': False, 'preload_content': False}, conn = None
release_this_conn = True, err = None, clean_exit = False
timeout_obj = <urllib3.util.timeout.Timeout object at 0x1a1868f828>
is_new_proxy_conn = False

    def urlopen(self, method, url, body=None, headers=None, retries=None,
                redirect=True, assert_same_host=True, timeout=_Default,
                pool_timeout=None, release_conn=None, chunked=False,
                body_pos=None, **response_kw):
        """
            Get a connection from the pool and perform an HTTP request. This is the
            lowest level call for making a request, so you'll need to specify all
            the raw details.
    
            .. note::
    
               More commonly, it's appropriate to use a convenience method provided
               by :class:`.RequestMethods`, such as :meth:`request`.
    
            .. note::
    
               `release_conn` will only behave as expected if
               `preload_content=False` because we want to make
               `preload_content=False` the default behaviour someday soon without
               breaking backwards compatibility.
    
            :param method:
                HTTP request method (such as GET, POST, PUT, etc.)
    
            :param body:
                Data to send in the request body (useful for creating
                POST requests, see HTTPConnectionPool.post_url for
                more convenience).
    
            :param headers:
                Dictionary of custom headers to send, such as User-Agent,
                If-None-Match, etc. If None, pool headers are used. If provided,
                these headers completely replace any pool-specific headers.
    
            :param retries:
                Configure the number of retries to allow before raising a
                :class:`~urllib3.exceptions.MaxRetryError` exception.
    
                Pass ``None`` to retry until you receive a response. Pass a
                :class:`~urllib3.util.retry.Retry` object for fine-grained control
                over different types of retries.
                Pass an integer number to retry connection errors that many times,
                but no other types of errors. Pass zero to never retry.
    
                If ``False``, then retries are disabled and any exception is raised
                immediately. Also, instead of raising a MaxRetryError on redirects,
                the redirect response will be returned.
    
            :type retries: :class:`~urllib3.util.retry.Retry`, False, or an int.
    
            :param redirect:
                If True, automatically handle redirects (status codes 301, 302,
                303, 307, 308). Each redirect counts as a retry. Disabling retries
                will disable redirect, too.
    
            :param assert_same_host:
                If ``True``, will make sure that the host of the pool requests is
                consistent else will raise HostChangedError. When False, you can
                use the pool on an HTTP proxy and request foreign hosts.
    
            :param timeout:
                If specified, overrides the default timeout for this one
                request. It may be a float (in seconds) or an instance of
                :class:`urllib3.util.Timeout`.
    
            :param pool_timeout:
                If set and the pool is set to block=True, then this method will
                block for ``pool_timeout`` seconds and raise EmptyPoolError if no
                connection is available within the time period.
    
            :param release_conn:
                If False, then the urlopen call will not release the connection
                back into the pool once a response is received (but will release if
                you read the entire contents of the response such as when
                `preload_content=True`). This is useful if you're not preloading
                the response's content immediately. You will need to call
                ``r.release_conn()`` on the response ``r`` to return the connection
                back into the pool. If None, it takes the value of
                ``response_kw.get('preload_content', True)``.
    
            :param chunked:
                If True, urllib3 will send the body using chunked transfer
                encoding. Otherwise, urllib3 will send the body using the standard
                content-length form. Defaults to False.
    
            :param int body_pos:
                Position to seek to in file-like body in the event of a retry or
                redirect. Typically this won't need to be set because urllib3 will
                auto-populate the value when needed.
    
            :param \\**response_kw:
                Additional parameters are passed to
                :meth:`urllib3.response.HTTPResponse.from_httplib`
            """
        if headers is None:
            headers = self.headers
    
        if not isinstance(retries, Retry):
            retries = Retry.from_int(retries, redirect=redirect, default=self.retries)
    
        if release_conn is None:
            release_conn = response_kw.get('preload_content', True)
    
        # Check host
        if assert_same_host and not self.is_same_host(url):
            raise HostChangedError(self, url, retries)
    
        conn = None
    
        # Track whether `conn` needs to be released before
        # returning/raising/recursing. Update this variable if necessary, and
        # leave `release_conn` constant throughout the function. That way, if
        # the function recurses, the original value of `release_conn` will be
        # passed down into the recursive call, and its value will be respected.
        #
        # See issue #651 [1] for details.
        #
        # [1] <https://github.com/shazow/urllib3/issues/651>
        release_this_conn = release_conn
    
        # Merge the proxy headers. Only do this in HTTP. We have to copy the
        # headers dict so we can safely change it without those changes being
        # reflected in anyone else's copy.
        if self.scheme == 'http':
            headers = headers.copy()
            headers.update(self.proxy_headers)
    
        # Must keep the exception bound to a separate variable or else Python 3
        # complains about UnboundLocalError.
        err = None
    
        # Keep track of whether we cleanly exited the except block. This
        # ensures we do proper cleanup in finally.
        clean_exit = False
    
        # Rewind body position, if needed. Record current position
        # for future rewinds in the event of a redirect/retry.
        body_pos = set_file_position(body, body_pos)
    
        try:
            # Request a connection from the queue.
            timeout_obj = self._get_timeout(timeout)
            conn = self._get_conn(timeout=pool_timeout)
    
            conn.timeout = timeout_obj.connect_timeout
    
            is_new_proxy_conn = self.proxy is not None and not getattr(conn, 'sock', None)
            if is_new_proxy_conn:
                self._prepare_proxy(conn)
    
            # Make the request on the httplib connection object.
            httplib_response = self._make_request(conn, method, url,
                                                  timeout=timeout_obj,
                                                  body=body, headers=headers,
                                                  chunked=chunked)
    
            # If we're going to release the connection in ``finally:``, then
            # the response doesn't need to know about the connection. Otherwise
            # it will also try to release it and we'll have a double-release
            # mess.
            response_conn = conn if not release_conn else None
    
            # Pass method to Response for length checking
            response_kw['request_method'] = method
    
            # Import httplib's response into our own wrapper object
            response = self.ResponseCls.from_httplib(httplib_response,
                                                     pool=self,
                                                     connection=response_conn,
                                                     retries=retries,
                                                     **response_kw)
    
            # Everything went great!
            clean_exit = True
    
        except queue.Empty:
            # Timed out by queue.
            raise EmptyPoolError(self, "No pool connections are available.")
    
        except (TimeoutError, HTTPException, SocketError, ProtocolError,
                BaseSSLError, SSLError, CertificateError) as e:
            # Discard the connection for these exceptions. It will be
            # replaced during the next _get_conn() call.
            clean_exit = False
            if isinstance(e, (BaseSSLError, CertificateError)):
                e = SSLError(e)
            elif isinstance(e, (SocketError, NewConnectionError)) and self.proxy:
                e = ProxyError('Cannot connect to proxy.', e)
            elif isinstance(e, (SocketError, HTTPException)):
                e = ProtocolError('Connection aborted.', e)
    
            retries = retries.increment(method, url, error=e, _pool=self,
>                                       _stacktrace=sys.exc_info()[2])

/anaconda3/lib/python3.6/site-packages/urllib3/connectionpool.py:639: 
_ _ _ _ _ _ _ _ _ _ _ _ _ _ _ _ _ _ _ _ _ _ _ _ _ _ _ _ _ _ _ _ _ _ _ _ _ _ _ _ 

self = Retry(total=0, connect=None, read=False, redirect=None, status=None)
method = 'GET'
url = '/v2/top-headlines?country=US&apiKey=eb4ad8625c5b4f57bb62f8c95601038a'
response = None
error = NewConnectionError('<urllib3.connection.VerifiedHTTPSConnection object at 0x1a1868fc50>: Failed to establish a new connection: [Errno 8] nodename nor servname provided, or not known',)
_pool = <urllib3.connectionpool.HTTPSConnectionPool object at 0x1a1868f6a0>
_stacktrace = <traceback object at 0x1a1744e2c8>

    def increment(self, method=None, url=None, response=None, error=None,
                  _pool=None, _stacktrace=None):
        """ Return a new Retry object with incremented retry counters.
    
            :param response: A response object, or None, if the server did not
                return a response.
            :type response: :class:`~urllib3.response.HTTPResponse`
            :param Exception error: An error encountered during the request, or
                None if the response was received successfully.
    
            :return: A new ``Retry`` object.
            """
        if self.total is False and error:
            # Disabled, indicate to re-raise the error.
            raise six.reraise(type(error), error, _stacktrace)
    
        total = self.total
        if total is not None:
            total -= 1
    
        connect = self.connect
        read = self.read
        redirect = self.redirect
        status_count = self.status
        cause = 'unknown'
        status = None
        redirect_location = None
    
        if error and self._is_connection_error(error):
            # Connect retry?
            if connect is False:
                raise six.reraise(type(error), error, _stacktrace)
            elif connect is not None:
                connect -= 1
    
        elif error and self._is_read_error(error):
            # Read retry?
            if read is False or not self._is_method_retryable(method):
                raise six.reraise(type(error), error, _stacktrace)
            elif read is not None:
                read -= 1
    
        elif response and response.get_redirect_location():
            # Redirect retry?
            if redirect is not None:
                redirect -= 1
            cause = 'too many redirects'
            redirect_location = response.get_redirect_location()
            status = response.status
    
        else:
            # Incrementing because of a server error like a 500 in
            # status_forcelist and a the given method is in the whitelist
            cause = ResponseError.GENERIC_ERROR
            if response and response.status:
                if status_count is not None:
                    status_count -= 1
                cause = ResponseError.SPECIFIC_ERROR.format(
                    status_code=response.status)
                status = response.status
    
        history = self.history + (RequestHistory(method, url, error, status, redirect_location),)
    
        new_retry = self.new(
            total=total,
            connect=connect, read=read, redirect=redirect, status=status_count,
            history=history)
    
        if new_retry.is_exhausted():
>           raise MaxRetryError(_pool, url, error or ResponseError(cause))
E           urllib3.exceptions.MaxRetryError: HTTPSConnectionPool(host='newsapi.org', port=443): Max retries exceeded with url: /v2/top-headlines?country=US&apiKey=eb4ad8625c5b4f57bb62f8c95601038a (Caused by NewConnectionError('<urllib3.connection.VerifiedHTTPSConnection object at 0x1a1868fc50>: Failed to establish a new connection: [Errno 8] nodename nor servname provided, or not known',))

/anaconda3/lib/python3.6/site-packages/urllib3/util/retry.py:388: MaxRetryError

During handling of the above exception, another exception occurred:

self = <test_news_server_analytics.FlaskClientTest testMethod=test_add_history_2>

    def setUp(self):
>       self.app = create_app()

tests/test_news_server_analytics.py:18: 
_ _ _ _ _ _ _ _ _ _ _ _ _ _ _ _ _ _ _ _ _ _ _ _ _ _ _ _ _ _ _ _ _ _ _ _ _ _ _ _ 
news_server.py:28: in create_app
    update_index(db)
news_server.py:193: in update_index
    r = requests.get('https://newsapi.org/v2/top-headlines', params=payload)
/anaconda3/lib/python3.6/site-packages/requests/api.py:72: in get
    return request('get', url, params=params, **kwargs)
/anaconda3/lib/python3.6/site-packages/requests/api.py:58: in request
    return session.request(method=method, url=url, **kwargs)
/anaconda3/lib/python3.6/site-packages/requests/sessions.py:508: in request
    resp = self.send(prep, **send_kwargs)
/anaconda3/lib/python3.6/site-packages/requests/sessions.py:618: in send
    r = adapter.send(request, **kwargs)
_ _ _ _ _ _ _ _ _ _ _ _ _ _ _ _ _ _ _ _ _ _ _ _ _ _ _ _ _ _ _ _ _ _ _ _ _ _ _ _ 

self = <requests.adapters.HTTPAdapter object at 0x1a1868f630>
request = <PreparedRequest [GET]>, stream = False
timeout = <urllib3.util.timeout.Timeout object at 0x1a1868f710>, verify = True
cert = None, proxies = OrderedDict()

    def send(self, request, stream=False, timeout=None, verify=True, cert=None, proxies=None):
        """Sends PreparedRequest object. Returns Response object.
    
            :param request: The :class:`PreparedRequest <PreparedRequest>` being sent.
            :param stream: (optional) Whether to stream the request content.
            :param timeout: (optional) How long to wait for the server to send
                data before giving up, as a float, or a :ref:`(connect timeout,
                read timeout) <timeouts>` tuple.
            :type timeout: float or tuple or urllib3 Timeout object
            :param verify: (optional) Either a boolean, in which case it controls whether
                we verify the server's TLS certificate, or a string, in which case it
                must be a path to a CA bundle to use
            :param cert: (optional) Any user-provided SSL certificate to be trusted.
            :param proxies: (optional) The proxies dictionary to apply to the request.
            :rtype: requests.Response
            """
    
        conn = self.get_connection(request.url, proxies)
    
        self.cert_verify(conn, request.url, verify, cert)
        url = self.request_url(request, proxies)
        self.add_headers(request)
    
        chunked = not (request.body is None or 'Content-Length' in request.headers)
    
        if isinstance(timeout, tuple):
            try:
                connect, read = timeout
                timeout = TimeoutSauce(connect=connect, read=read)
            except ValueError as e:
                # this may raise a string formatting error.
                err = ("Invalid timeout {0}. Pass a (connect, read) "
                       "timeout tuple, or a single float to set "
                       "both timeouts to the same value".format(timeout))
                raise ValueError(err)
        elif isinstance(timeout, TimeoutSauce):
            pass
        else:
            timeout = TimeoutSauce(connect=timeout, read=timeout)
    
        try:
            if not chunked:
                resp = conn.urlopen(
                    method=request.method,
                    url=url,
                    body=request.body,
                    headers=request.headers,
                    redirect=False,
                    assert_same_host=False,
                    preload_content=False,
                    decode_content=False,
                    retries=self.max_retries,
                    timeout=timeout
                )
    
            # Send the request.
            else:
                if hasattr(conn, 'proxy_pool'):
                    conn = conn.proxy_pool
    
                low_conn = conn._get_conn(timeout=DEFAULT_POOL_TIMEOUT)
    
                try:
                    low_conn.putrequest(request.method,
                                        url,
                                        skip_accept_encoding=True)
    
                    for header, value in request.headers.items():
                        low_conn.putheader(header, value)
    
                    low_conn.endheaders()
    
                    for i in request.body:
                        low_conn.send(hex(len(i))[2:].encode('utf-8'))
                        low_conn.send(b'\r\n')
                        low_conn.send(i)
                        low_conn.send(b'\r\n')
                    low_conn.send(b'0\r\n\r\n')
    
                    # Receive the response from the server
                    try:
                        # For Python 2.7+ versions, use buffering of HTTP
                        # responses
                        r = low_conn.getresponse(buffering=True)
                    except TypeError:
                        # For compatibility with Python 2.6 versions and back
                        r = low_conn.getresponse()
    
                    resp = HTTPResponse.from_httplib(
                        r,
                        pool=conn,
                        connection=low_conn,
                        preload_content=False,
                        decode_content=False
                    )
                except:
                    # If we hit any problems here, clean up the connection.
                    # Then, reraise so that we can handle the actual exception.
                    low_conn.close()
                    raise
    
        except (ProtocolError, socket.error) as err:
            raise ConnectionError(err, request=request)
    
        except MaxRetryError as e:
            if isinstance(e.reason, ConnectTimeoutError):
                # TODO: Remove this in 3.0.0: see #2811
                if not isinstance(e.reason, NewConnectionError):
                    raise ConnectTimeout(e, request=request)
    
            if isinstance(e.reason, ResponseError):
                raise RetryError(e, request=request)
    
            if isinstance(e.reason, _ProxyError):
                raise ProxyError(e, request=request)
    
            if isinstance(e.reason, _SSLError):
                # This branch is for urllib3 v1.22 and later.
                raise SSLError(e, request=request)
    
>           raise ConnectionError(e, request=request)
E           requests.exceptions.ConnectionError: HTTPSConnectionPool(host='newsapi.org', port=443): Max retries exceeded with url: /v2/top-headlines?country=US&apiKey=eb4ad8625c5b4f57bb62f8c95601038a (Caused by NewConnectionError('<urllib3.connection.VerifiedHTTPSConnection object at 0x1a1868fc50>: Failed to establish a new connection: [Errno 8] nodename nor servname provided, or not known',))

/anaconda3/lib/python3.6/site-packages/requests/adapters.py:508: ConnectionError
----------------------------- Captured stdout call -----------------------------
create app
updating main page...
------------------------------ Captured log call -------------------------------
connectionpool.py          824 DEBUG    Starting new HTTPS connection (1): newsapi.org
__________________ FlaskClientTest.test_analytics_no_history ___________________

self = <urllib3.connection.VerifiedHTTPSConnection object at 0x1a1f8221d0>

    def _new_conn(self):
        """ Establish a socket connection and set nodelay settings on it.
    
            :return: New socket connection.
            """
        extra_kw = {}
        if self.source_address:
            extra_kw['source_address'] = self.source_address
    
        if self.socket_options:
            extra_kw['socket_options'] = self.socket_options
    
        try:
            conn = connection.create_connection(
>               (self.host, self.port), self.timeout, **extra_kw)

/anaconda3/lib/python3.6/site-packages/urllib3/connection.py:141: 
_ _ _ _ _ _ _ _ _ _ _ _ _ _ _ _ _ _ _ _ _ _ _ _ _ _ _ _ _ _ _ _ _ _ _ _ _ _ _ _ 

address = ('newsapi.org', 443), timeout = None, source_address = None
socket_options = [(6, 1, 1)]

    def create_connection(address, timeout=socket._GLOBAL_DEFAULT_TIMEOUT,
                          source_address=None, socket_options=None):
        """Connect to *address* and return the socket object.
    
        Convenience function.  Connect to *address* (a 2-tuple ``(host,
        port)``) and return the socket object.  Passing the optional
        *timeout* parameter will set the timeout on the socket instance
        before attempting to connect.  If no *timeout* is supplied, the
        global default timeout setting returned by :func:`getdefaulttimeout`
        is used.  If *source_address* is set it must be a tuple of (host, port)
        for the socket to bind as a source address before making the connection.
        An host of '' or port 0 tells the OS to use the default.
        """
    
        host, port = address
        if host.startswith('['):
            host = host.strip('[]')
        err = None
    
        # Using the value from allowed_gai_family() in the context of getaddrinfo lets
        # us select whether to work with IPv4 DNS records, IPv6 records, or both.
        # The original create_connection function always returns all records.
        family = allowed_gai_family()
    
>       for res in socket.getaddrinfo(host, port, family, socket.SOCK_STREAM):

/anaconda3/lib/python3.6/site-packages/urllib3/util/connection.py:60: 
_ _ _ _ _ _ _ _ _ _ _ _ _ _ _ _ _ _ _ _ _ _ _ _ _ _ _ _ _ _ _ _ _ _ _ _ _ _ _ _ 

host = 'newsapi.org', port = 443, family = <AddressFamily.AF_UNSPEC: 0>
type = <SocketKind.SOCK_STREAM: 1>, proto = 0, flags = 0

    def getaddrinfo(host, port, family=0, type=0, proto=0, flags=0):
        """Resolve host and port into list of address info entries.
    
        Translate the host/port argument into a sequence of 5-tuples that contain
        all the necessary arguments for creating a socket connected to that service.
        host is a domain name, a string representation of an IPv4/v6 address or
        None. port is a string service name such as 'http', a numeric port number or
        None. By passing None as the value of host and port, you can pass NULL to
        the underlying C API.
    
        The family, type and proto arguments can be optionally specified in order to
        narrow the list of addresses returned. Passing zero as a value for each of
        these arguments selects the full range of results.
        """
        # We override this function since we want to translate the numeric family
        # and socket type values to enum constants.
        addrlist = []
>       for res in _socket.getaddrinfo(host, port, family, type, proto, flags):
E       socket.gaierror: [Errno 8] nodename nor servname provided, or not known

/anaconda3/lib/python3.6/socket.py:745: gaierror

During handling of the above exception, another exception occurred:

self = <urllib3.connectionpool.HTTPSConnectionPool object at 0x1a1f822940>
method = 'GET'
url = '/v2/top-headlines?country=US&apiKey=eb4ad8625c5b4f57bb62f8c95601038a'
body = None
headers = {'User-Agent': 'python-requests/2.18.4', 'Accept-Encoding': 'gzip, deflate', 'Accept': '*/*', 'Connection': 'keep-alive'}
retries = Retry(total=0, connect=None, read=False, redirect=None, status=None)
redirect = False, assert_same_host = False
timeout = <urllib3.util.timeout.Timeout object at 0x1a1f8228d0>
pool_timeout = None, release_conn = False, chunked = False, body_pos = None
response_kw = {'decode_content': False, 'preload_content': False}, conn = None
release_this_conn = True, err = None, clean_exit = False
timeout_obj = <urllib3.util.timeout.Timeout object at 0x1a1f8229e8>
is_new_proxy_conn = False

    def urlopen(self, method, url, body=None, headers=None, retries=None,
                redirect=True, assert_same_host=True, timeout=_Default,
                pool_timeout=None, release_conn=None, chunked=False,
                body_pos=None, **response_kw):
        """
            Get a connection from the pool and perform an HTTP request. This is the
            lowest level call for making a request, so you'll need to specify all
            the raw details.
    
            .. note::
    
               More commonly, it's appropriate to use a convenience method provided
               by :class:`.RequestMethods`, such as :meth:`request`.
    
            .. note::
    
               `release_conn` will only behave as expected if
               `preload_content=False` because we want to make
               `preload_content=False` the default behaviour someday soon without
               breaking backwards compatibility.
    
            :param method:
                HTTP request method (such as GET, POST, PUT, etc.)
    
            :param body:
                Data to send in the request body (useful for creating
                POST requests, see HTTPConnectionPool.post_url for
                more convenience).
    
            :param headers:
                Dictionary of custom headers to send, such as User-Agent,
                If-None-Match, etc. If None, pool headers are used. If provided,
                these headers completely replace any pool-specific headers.
    
            :param retries:
                Configure the number of retries to allow before raising a
                :class:`~urllib3.exceptions.MaxRetryError` exception.
    
                Pass ``None`` to retry until you receive a response. Pass a
                :class:`~urllib3.util.retry.Retry` object for fine-grained control
                over different types of retries.
                Pass an integer number to retry connection errors that many times,
                but no other types of errors. Pass zero to never retry.
    
                If ``False``, then retries are disabled and any exception is raised
                immediately. Also, instead of raising a MaxRetryError on redirects,
                the redirect response will be returned.
    
            :type retries: :class:`~urllib3.util.retry.Retry`, False, or an int.
    
            :param redirect:
                If True, automatically handle redirects (status codes 301, 302,
                303, 307, 308). Each redirect counts as a retry. Disabling retries
                will disable redirect, too.
    
            :param assert_same_host:
                If ``True``, will make sure that the host of the pool requests is
                consistent else will raise HostChangedError. When False, you can
                use the pool on an HTTP proxy and request foreign hosts.
    
            :param timeout:
                If specified, overrides the default timeout for this one
                request. It may be a float (in seconds) or an instance of
                :class:`urllib3.util.Timeout`.
    
            :param pool_timeout:
                If set and the pool is set to block=True, then this method will
                block for ``pool_timeout`` seconds and raise EmptyPoolError if no
                connection is available within the time period.
    
            :param release_conn:
                If False, then the urlopen call will not release the connection
                back into the pool once a response is received (but will release if
                you read the entire contents of the response such as when
                `preload_content=True`). This is useful if you're not preloading
                the response's content immediately. You will need to call
                ``r.release_conn()`` on the response ``r`` to return the connection
                back into the pool. If None, it takes the value of
                ``response_kw.get('preload_content', True)``.
    
            :param chunked:
                If True, urllib3 will send the body using chunked transfer
                encoding. Otherwise, urllib3 will send the body using the standard
                content-length form. Defaults to False.
    
            :param int body_pos:
                Position to seek to in file-like body in the event of a retry or
                redirect. Typically this won't need to be set because urllib3 will
                auto-populate the value when needed.
    
            :param \\**response_kw:
                Additional parameters are passed to
                :meth:`urllib3.response.HTTPResponse.from_httplib`
            """
        if headers is None:
            headers = self.headers
    
        if not isinstance(retries, Retry):
            retries = Retry.from_int(retries, redirect=redirect, default=self.retries)
    
        if release_conn is None:
            release_conn = response_kw.get('preload_content', True)
    
        # Check host
        if assert_same_host and not self.is_same_host(url):
            raise HostChangedError(self, url, retries)
    
        conn = None
    
        # Track whether `conn` needs to be released before
        # returning/raising/recursing. Update this variable if necessary, and
        # leave `release_conn` constant throughout the function. That way, if
        # the function recurses, the original value of `release_conn` will be
        # passed down into the recursive call, and its value will be respected.
        #
        # See issue #651 [1] for details.
        #
        # [1] <https://github.com/shazow/urllib3/issues/651>
        release_this_conn = release_conn
    
        # Merge the proxy headers. Only do this in HTTP. We have to copy the
        # headers dict so we can safely change it without those changes being
        # reflected in anyone else's copy.
        if self.scheme == 'http':
            headers = headers.copy()
            headers.update(self.proxy_headers)
    
        # Must keep the exception bound to a separate variable or else Python 3
        # complains about UnboundLocalError.
        err = None
    
        # Keep track of whether we cleanly exited the except block. This
        # ensures we do proper cleanup in finally.
        clean_exit = False
    
        # Rewind body position, if needed. Record current position
        # for future rewinds in the event of a redirect/retry.
        body_pos = set_file_position(body, body_pos)
    
        try:
            # Request a connection from the queue.
            timeout_obj = self._get_timeout(timeout)
            conn = self._get_conn(timeout=pool_timeout)
    
            conn.timeout = timeout_obj.connect_timeout
    
            is_new_proxy_conn = self.proxy is not None and not getattr(conn, 'sock', None)
            if is_new_proxy_conn:
                self._prepare_proxy(conn)
    
            # Make the request on the httplib connection object.
            httplib_response = self._make_request(conn, method, url,
                                                  timeout=timeout_obj,
                                                  body=body, headers=headers,
>                                                 chunked=chunked)

/anaconda3/lib/python3.6/site-packages/urllib3/connectionpool.py:601: 
_ _ _ _ _ _ _ _ _ _ _ _ _ _ _ _ _ _ _ _ _ _ _ _ _ _ _ _ _ _ _ _ _ _ _ _ _ _ _ _ 

self = <urllib3.connectionpool.HTTPSConnectionPool object at 0x1a1f822940>
conn = <urllib3.connection.VerifiedHTTPSConnection object at 0x1a1f8221d0>
method = 'GET'
url = '/v2/top-headlines?country=US&apiKey=eb4ad8625c5b4f57bb62f8c95601038a'
timeout = <urllib3.util.timeout.Timeout object at 0x1a1f8229e8>, chunked = False
httplib_request_kw = {'body': None, 'headers': {'User-Agent': 'python-requests/2.18.4', 'Accept-Encoding': 'gzip, deflate', 'Accept': '*/*', 'Connection': 'keep-alive'}}
timeout_obj = <urllib3.util.timeout.Timeout object at 0x1a1f822da0>

    def _make_request(self, conn, method, url, timeout=_Default, chunked=False,
                      **httplib_request_kw):
        """
            Perform a request on a given urllib connection object taken from our
            pool.
    
            :param conn:
                a connection from one of our connection pools
    
            :param timeout:
                Socket timeout in seconds for the request. This can be a
                float or integer, which will set the same timeout value for
                the socket connect and the socket read, or an instance of
                :class:`urllib3.util.Timeout`, which gives you more fine-grained
                control over your timeouts.
            """
        self.num_requests += 1
    
        timeout_obj = self._get_timeout(timeout)
        timeout_obj.start_connect()
        conn.timeout = timeout_obj.connect_timeout
    
        # Trigger any extra validation we need to do.
        try:
>           self._validate_conn(conn)

/anaconda3/lib/python3.6/site-packages/urllib3/connectionpool.py:346: 
_ _ _ _ _ _ _ _ _ _ _ _ _ _ _ _ _ _ _ _ _ _ _ _ _ _ _ _ _ _ _ _ _ _ _ _ _ _ _ _ 

self = <urllib3.connectionpool.HTTPSConnectionPool object at 0x1a1f822940>
conn = <urllib3.connection.VerifiedHTTPSConnection object at 0x1a1f8221d0>

    def _validate_conn(self, conn):
        """
            Called right before a request is made, after the socket is created.
            """
        super(HTTPSConnectionPool, self)._validate_conn(conn)
    
        # Force connect early to allow us to validate the connection.
        if not getattr(conn, 'sock', None):  # AppEngine might not have  `.sock`
>           conn.connect()

/anaconda3/lib/python3.6/site-packages/urllib3/connectionpool.py:850: 
_ _ _ _ _ _ _ _ _ _ _ _ _ _ _ _ _ _ _ _ _ _ _ _ _ _ _ _ _ _ _ _ _ _ _ _ _ _ _ _ 

self = <urllib3.connection.VerifiedHTTPSConnection object at 0x1a1f8221d0>

    def connect(self):
        # Add certificate verification
>       conn = self._new_conn()

/anaconda3/lib/python3.6/site-packages/urllib3/connection.py:284: 
_ _ _ _ _ _ _ _ _ _ _ _ _ _ _ _ _ _ _ _ _ _ _ _ _ _ _ _ _ _ _ _ _ _ _ _ _ _ _ _ 

self = <urllib3.connection.VerifiedHTTPSConnection object at 0x1a1f8221d0>

    def _new_conn(self):
        """ Establish a socket connection and set nodelay settings on it.
    
            :return: New socket connection.
            """
        extra_kw = {}
        if self.source_address:
            extra_kw['source_address'] = self.source_address
    
        if self.socket_options:
            extra_kw['socket_options'] = self.socket_options
    
        try:
            conn = connection.create_connection(
                (self.host, self.port), self.timeout, **extra_kw)
    
        except SocketTimeout as e:
            raise ConnectTimeoutError(
                self, "Connection to %s timed out. (connect timeout=%s)" %
                (self.host, self.timeout))
    
        except SocketError as e:
            raise NewConnectionError(
>               self, "Failed to establish a new connection: %s" % e)
E           urllib3.exceptions.NewConnectionError: <urllib3.connection.VerifiedHTTPSConnection object at 0x1a1f8221d0>: Failed to establish a new connection: [Errno 8] nodename nor servname provided, or not known

/anaconda3/lib/python3.6/site-packages/urllib3/connection.py:150: NewConnectionError

During handling of the above exception, another exception occurred:

self = <requests.adapters.HTTPAdapter object at 0x1a1f822ac8>
request = <PreparedRequest [GET]>, stream = False
timeout = <urllib3.util.timeout.Timeout object at 0x1a1f8228d0>, verify = True
cert = None, proxies = OrderedDict()

    def send(self, request, stream=False, timeout=None, verify=True, cert=None, proxies=None):
        """Sends PreparedRequest object. Returns Response object.
    
            :param request: The :class:`PreparedRequest <PreparedRequest>` being sent.
            :param stream: (optional) Whether to stream the request content.
            :param timeout: (optional) How long to wait for the server to send
                data before giving up, as a float, or a :ref:`(connect timeout,
                read timeout) <timeouts>` tuple.
            :type timeout: float or tuple or urllib3 Timeout object
            :param verify: (optional) Either a boolean, in which case it controls whether
                we verify the server's TLS certificate, or a string, in which case it
                must be a path to a CA bundle to use
            :param cert: (optional) Any user-provided SSL certificate to be trusted.
            :param proxies: (optional) The proxies dictionary to apply to the request.
            :rtype: requests.Response
            """
    
        conn = self.get_connection(request.url, proxies)
    
        self.cert_verify(conn, request.url, verify, cert)
        url = self.request_url(request, proxies)
        self.add_headers(request)
    
        chunked = not (request.body is None or 'Content-Length' in request.headers)
    
        if isinstance(timeout, tuple):
            try:
                connect, read = timeout
                timeout = TimeoutSauce(connect=connect, read=read)
            except ValueError as e:
                # this may raise a string formatting error.
                err = ("Invalid timeout {0}. Pass a (connect, read) "
                       "timeout tuple, or a single float to set "
                       "both timeouts to the same value".format(timeout))
                raise ValueError(err)
        elif isinstance(timeout, TimeoutSauce):
            pass
        else:
            timeout = TimeoutSauce(connect=timeout, read=timeout)
    
        try:
            if not chunked:
                resp = conn.urlopen(
                    method=request.method,
                    url=url,
                    body=request.body,
                    headers=request.headers,
                    redirect=False,
                    assert_same_host=False,
                    preload_content=False,
                    decode_content=False,
                    retries=self.max_retries,
>                   timeout=timeout
                )

/anaconda3/lib/python3.6/site-packages/requests/adapters.py:440: 
_ _ _ _ _ _ _ _ _ _ _ _ _ _ _ _ _ _ _ _ _ _ _ _ _ _ _ _ _ _ _ _ _ _ _ _ _ _ _ _ 

self = <urllib3.connectionpool.HTTPSConnectionPool object at 0x1a1f822940>
method = 'GET'
url = '/v2/top-headlines?country=US&apiKey=eb4ad8625c5b4f57bb62f8c95601038a'
body = None
headers = {'User-Agent': 'python-requests/2.18.4', 'Accept-Encoding': 'gzip, deflate', 'Accept': '*/*', 'Connection': 'keep-alive'}
retries = Retry(total=0, connect=None, read=False, redirect=None, status=None)
redirect = False, assert_same_host = False
timeout = <urllib3.util.timeout.Timeout object at 0x1a1f8228d0>
pool_timeout = None, release_conn = False, chunked = False, body_pos = None
response_kw = {'decode_content': False, 'preload_content': False}, conn = None
release_this_conn = True, err = None, clean_exit = False
timeout_obj = <urllib3.util.timeout.Timeout object at 0x1a1f8229e8>
is_new_proxy_conn = False

    def urlopen(self, method, url, body=None, headers=None, retries=None,
                redirect=True, assert_same_host=True, timeout=_Default,
                pool_timeout=None, release_conn=None, chunked=False,
                body_pos=None, **response_kw):
        """
            Get a connection from the pool and perform an HTTP request. This is the
            lowest level call for making a request, so you'll need to specify all
            the raw details.
    
            .. note::
    
               More commonly, it's appropriate to use a convenience method provided
               by :class:`.RequestMethods`, such as :meth:`request`.
    
            .. note::
    
               `release_conn` will only behave as expected if
               `preload_content=False` because we want to make
               `preload_content=False` the default behaviour someday soon without
               breaking backwards compatibility.
    
            :param method:
                HTTP request method (such as GET, POST, PUT, etc.)
    
            :param body:
                Data to send in the request body (useful for creating
                POST requests, see HTTPConnectionPool.post_url for
                more convenience).
    
            :param headers:
                Dictionary of custom headers to send, such as User-Agent,
                If-None-Match, etc. If None, pool headers are used. If provided,
                these headers completely replace any pool-specific headers.
    
            :param retries:
                Configure the number of retries to allow before raising a
                :class:`~urllib3.exceptions.MaxRetryError` exception.
    
                Pass ``None`` to retry until you receive a response. Pass a
                :class:`~urllib3.util.retry.Retry` object for fine-grained control
                over different types of retries.
                Pass an integer number to retry connection errors that many times,
                but no other types of errors. Pass zero to never retry.
    
                If ``False``, then retries are disabled and any exception is raised
                immediately. Also, instead of raising a MaxRetryError on redirects,
                the redirect response will be returned.
    
            :type retries: :class:`~urllib3.util.retry.Retry`, False, or an int.
    
            :param redirect:
                If True, automatically handle redirects (status codes 301, 302,
                303, 307, 308). Each redirect counts as a retry. Disabling retries
                will disable redirect, too.
    
            :param assert_same_host:
                If ``True``, will make sure that the host of the pool requests is
                consistent else will raise HostChangedError. When False, you can
                use the pool on an HTTP proxy and request foreign hosts.
    
            :param timeout:
                If specified, overrides the default timeout for this one
                request. It may be a float (in seconds) or an instance of
                :class:`urllib3.util.Timeout`.
    
            :param pool_timeout:
                If set and the pool is set to block=True, then this method will
                block for ``pool_timeout`` seconds and raise EmptyPoolError if no
                connection is available within the time period.
    
            :param release_conn:
                If False, then the urlopen call will not release the connection
                back into the pool once a response is received (but will release if
                you read the entire contents of the response such as when
                `preload_content=True`). This is useful if you're not preloading
                the response's content immediately. You will need to call
                ``r.release_conn()`` on the response ``r`` to return the connection
                back into the pool. If None, it takes the value of
                ``response_kw.get('preload_content', True)``.
    
            :param chunked:
                If True, urllib3 will send the body using chunked transfer
                encoding. Otherwise, urllib3 will send the body using the standard
                content-length form. Defaults to False.
    
            :param int body_pos:
                Position to seek to in file-like body in the event of a retry or
                redirect. Typically this won't need to be set because urllib3 will
                auto-populate the value when needed.
    
            :param \\**response_kw:
                Additional parameters are passed to
                :meth:`urllib3.response.HTTPResponse.from_httplib`
            """
        if headers is None:
            headers = self.headers
    
        if not isinstance(retries, Retry):
            retries = Retry.from_int(retries, redirect=redirect, default=self.retries)
    
        if release_conn is None:
            release_conn = response_kw.get('preload_content', True)
    
        # Check host
        if assert_same_host and not self.is_same_host(url):
            raise HostChangedError(self, url, retries)
    
        conn = None
    
        # Track whether `conn` needs to be released before
        # returning/raising/recursing. Update this variable if necessary, and
        # leave `release_conn` constant throughout the function. That way, if
        # the function recurses, the original value of `release_conn` will be
        # passed down into the recursive call, and its value will be respected.
        #
        # See issue #651 [1] for details.
        #
        # [1] <https://github.com/shazow/urllib3/issues/651>
        release_this_conn = release_conn
    
        # Merge the proxy headers. Only do this in HTTP. We have to copy the
        # headers dict so we can safely change it without those changes being
        # reflected in anyone else's copy.
        if self.scheme == 'http':
            headers = headers.copy()
            headers.update(self.proxy_headers)
    
        # Must keep the exception bound to a separate variable or else Python 3
        # complains about UnboundLocalError.
        err = None
    
        # Keep track of whether we cleanly exited the except block. This
        # ensures we do proper cleanup in finally.
        clean_exit = False
    
        # Rewind body position, if needed. Record current position
        # for future rewinds in the event of a redirect/retry.
        body_pos = set_file_position(body, body_pos)
    
        try:
            # Request a connection from the queue.
            timeout_obj = self._get_timeout(timeout)
            conn = self._get_conn(timeout=pool_timeout)
    
            conn.timeout = timeout_obj.connect_timeout
    
            is_new_proxy_conn = self.proxy is not None and not getattr(conn, 'sock', None)
            if is_new_proxy_conn:
                self._prepare_proxy(conn)
    
            # Make the request on the httplib connection object.
            httplib_response = self._make_request(conn, method, url,
                                                  timeout=timeout_obj,
                                                  body=body, headers=headers,
                                                  chunked=chunked)
    
            # If we're going to release the connection in ``finally:``, then
            # the response doesn't need to know about the connection. Otherwise
            # it will also try to release it and we'll have a double-release
            # mess.
            response_conn = conn if not release_conn else None
    
            # Pass method to Response for length checking
            response_kw['request_method'] = method
    
            # Import httplib's response into our own wrapper object
            response = self.ResponseCls.from_httplib(httplib_response,
                                                     pool=self,
                                                     connection=response_conn,
                                                     retries=retries,
                                                     **response_kw)
    
            # Everything went great!
            clean_exit = True
    
        except queue.Empty:
            # Timed out by queue.
            raise EmptyPoolError(self, "No pool connections are available.")
    
        except (TimeoutError, HTTPException, SocketError, ProtocolError,
                BaseSSLError, SSLError, CertificateError) as e:
            # Discard the connection for these exceptions. It will be
            # replaced during the next _get_conn() call.
            clean_exit = False
            if isinstance(e, (BaseSSLError, CertificateError)):
                e = SSLError(e)
            elif isinstance(e, (SocketError, NewConnectionError)) and self.proxy:
                e = ProxyError('Cannot connect to proxy.', e)
            elif isinstance(e, (SocketError, HTTPException)):
                e = ProtocolError('Connection aborted.', e)
    
            retries = retries.increment(method, url, error=e, _pool=self,
>                                       _stacktrace=sys.exc_info()[2])

/anaconda3/lib/python3.6/site-packages/urllib3/connectionpool.py:639: 
[...]
            the raw details.
    
            .. note::
    
               More commonly, it's appropriate to use a convenience method provided
               by :class:`.RequestMethods`, such as :meth:`request`.
    
            .. note::
    
               `release_conn` will only behave as expected if
               `preload_content=False` because we want to make
               `preload_content=False` the default behaviour someday soon without
               breaking backwards compatibility.
    
            :param method:
                HTTP request method (such as GET, POST, PUT, etc.)
    
            :param body:
                Data to send in the request body (useful for creating
                POST requests, see HTTPConnectionPool.post_url for
                more convenience).
    
            :param headers:
                Dictionary of custom headers to send, such as User-Agent,
                If-None-Match, etc. If None, pool headers are used. If provided,
                these headers completely replace any pool-specific headers.
    
            :param retries:
                Configure the number of retries to allow before raising a
                :class:`~urllib3.exceptions.MaxRetryError` exception.
    
                Pass ``None`` to retry until you receive a response. Pass a
                :class:`~urllib3.util.retry.Retry` object for fine-grained control
                over different types of retries.
                Pass an integer number to retry connection errors that many times,
                but no other types of errors. Pass zero to never retry.
    
                If ``False``, then retries are disabled and any exception is raised
                immediately. Also, instead of raising a MaxRetryError on redirects,
                the redirect response will be returned.
    
            :type retries: :class:`~urllib3.util.retry.Retry`, False, or an int.
    
            :param redirect:
                If True, automatically handle redirects (status codes 301, 302,
                303, 307, 308). Each redirect counts as a retry. Disabling retries
                will disable redirect, too.
    
            :param assert_same_host:
                If ``True``, will make sure that the host of the pool requests is
                consistent else will raise HostChangedError. When False, you can
                use the pool on an HTTP proxy and request foreign hosts.
    
            :param timeout:
                If specified, overrides the default timeout for this one
                request. It may be a float (in seconds) or an instance of
                :class:`urllib3.util.Timeout`.
    
            :param pool_timeout:
                If set and the pool is set to block=True, then this method will
                block for ``pool_timeout`` seconds and raise EmptyPoolError if no
                connection is available within the time period.
    
            :param release_conn:
                If False, then the urlopen call will not release the connection
                back into the pool once a response is received (but will release if
                you read the entire contents of the response such as when
                `preload_content=True`). This is useful if you're not preloading
                the response's content immediately. You will need to call
                ``r.release_conn()`` on the response ``r`` to return the connection
                back into the pool. If None, it takes the value of
                ``response_kw.get('preload_content', True)``.
    
            :param chunked:
                If True, urllib3 will send the body using chunked transfer
                encoding. Otherwise, urllib3 will send the body using the standard
                content-length form. Defaults to False.
    
            :param int body_pos:
                Position to seek to in file-like body in the event of a retry or
                redirect. Typically this won't need to be set because urllib3 will
                auto-populate the value when needed.
    
            :param \\**response_kw:
                Additional parameters are passed to
                :meth:`urllib3.response.HTTPResponse.from_httplib`
            """
        if headers is None:
            headers = self.headers
    
        if not isinstance(retries, Retry):
            retries = Retry.from_int(retries, redirect=redirect, default=self.retries)
    
        if release_conn is None:
            release_conn = response_kw.get('preload_content', True)
    
        # Check host
        if assert_same_host and not self.is_same_host(url):
            raise HostChangedError(self, url, retries)
    
        conn = None
    
        # Track whether `conn` needs to be released before
        # returning/raising/recursing. Update this variable if necessary, and
        # leave `release_conn` constant throughout the function. That way, if
        # the function recurses, the original value of `release_conn` will be
        # passed down into the recursive call, and its value will be respected.
        #
        # See issue #651 [1] for details.
        #
        # [1] <https://github.com/shazow/urllib3/issues/651>
        release_this_conn = release_conn
    
        # Merge the proxy headers. Only do this in HTTP. We have to copy the
        # headers dict so we can safely change it without those changes being
        # reflected in anyone else's copy.
        if self.scheme == 'http':
            headers = headers.copy()
            headers.update(self.proxy_headers)
    
        # Must keep the exception bound to a separate variable or else Python 3
        # complains about UnboundLocalError.
        err = None
    
        # Keep track of whether we cleanly exited the except block. This
        # ensures we do proper cleanup in finally.
        clean_exit = False
    
        # Rewind body position, if needed. Record current position
        # for future rewinds in the event of a redirect/retry.
        body_pos = set_file_position(body, body_pos)
    
        try:
            # Request a connection from the queue.
            timeout_obj = self._get_timeout(timeout)
            conn = self._get_conn(timeout=pool_timeout)
    
            conn.timeout = timeout_obj.connect_timeout
    
            is_new_proxy_conn = self.proxy is not None and not getattr(conn, 'sock', None)
            if is_new_proxy_conn:
                self._prepare_proxy(conn)
    
            # Make the request on the httplib connection object.
            httplib_response = self._make_request(conn, method, url,
                                                  timeout=timeout_obj,
                                                  body=body, headers=headers,
                                                  chunked=chunked)
    
            # If we're going to release the connection in ``finally:``, then
            # the response doesn't need to know about the connection. Otherwise
            # it will also try to release it and we'll have a double-release
            # mess.
            response_conn = conn if not release_conn else None
    
            # Pass method to Response for length checking
            response_kw['request_method'] = method
    
            # Import httplib's response into our own wrapper object
            response = self.ResponseCls.from_httplib(httplib_response,
                                                     pool=self,
                                                     connection=response_conn,
                                                     retries=retries,
                                                     **response_kw)
    
            # Everything went great!
            clean_exit = True
    
        except queue.Empty:
            # Timed out by queue.
            raise EmptyPoolError(self, "No pool connections are available.")
    
        except (TimeoutError, HTTPException, SocketError, ProtocolError,
                BaseSSLError, SSLError, CertificateError) as e:
            # Discard the connection for these exceptions. It will be
            # replaced during the next _get_conn() call.
            clean_exit = False
            if isinstance(e, (BaseSSLError, CertificateError)):
                e = SSLError(e)
            elif isinstance(e, (SocketError, NewConnectionError)) and self.proxy:
                e = ProxyError('Cannot connect to proxy.', e)
            elif isinstance(e, (SocketError, HTTPException)):
                e = ProtocolError('Connection aborted.', e)
    
            retries = retries.increment(method, url, error=e, _pool=self,
>                                       _stacktrace=sys.exc_info()[2])

/anaconda3/lib/python3.6/site-packages/urllib3/connectionpool.py:639: 
_ _ _ _ _ _ _ _ _ _ _ _ _ _ _ _ _ _ _ _ _ _ _ _ _ _ _ _ _ _ _ _ _ _ _ _ _ _ _ _ 

self = Retry(total=0, connect=None, read=False, redirect=None, status=None)
method = 'GET'
url = '/v2/top-headlines?country=US&apiKey=eb4ad8625c5b4f57bb62f8c95601038a'
response = None
error = NewConnectionError('<urllib3.connection.VerifiedHTTPSConnection object at 0x1a18b8a128>: Failed to establish a new connection: [Errno 8] nodename nor servname provided, or not known',)
_pool = <urllib3.connectionpool.HTTPSConnectionPool object at 0x1a18b8ac50>
_stacktrace = <traceback object at 0x1a1ff91388>

    def increment(self, method=None, url=None, response=None, error=None,
                  _pool=None, _stacktrace=None):
        """ Return a new Retry object with incremented retry counters.
    
            :param response: A response object, or None, if the server did not
                return a response.
            :type response: :class:`~urllib3.response.HTTPResponse`
            :param Exception error: An error encountered during the request, or
                None if the response was received successfully.
    
            :return: A new ``Retry`` object.
            """
        if self.total is False and error:
            # Disabled, indicate to re-raise the error.
            raise six.reraise(type(error), error, _stacktrace)
    
        total = self.total
        if total is not None:
            total -= 1
    
        connect = self.connect
        read = self.read
        redirect = self.redirect
        status_count = self.status
        cause = 'unknown'
        status = None
        redirect_location = None
    
        if error and self._is_connection_error(error):
            # Connect retry?
            if connect is False:
                raise six.reraise(type(error), error, _stacktrace)
            elif connect is not None:
                connect -= 1
    
        elif error and self._is_read_error(error):
            # Read retry?
            if read is False or not self._is_method_retryable(method):
                raise six.reraise(type(error), error, _stacktrace)
            elif read is not None:
                read -= 1
    
        elif response and response.get_redirect_location():
            # Redirect retry?
            if redirect is not None:
                redirect -= 1
            cause = 'too many redirects'
            redirect_location = response.get_redirect_location()
            status = response.status
    
        else:
            # Incrementing because of a server error like a 500 in
            # status_forcelist and a the given method is in the whitelist
            cause = ResponseError.GENERIC_ERROR
            if response and response.status:
                if status_count is not None:
                    status_count -= 1
                cause = ResponseError.SPECIFIC_ERROR.format(
                    status_code=response.status)
                status = response.status
    
        history = self.history + (RequestHistory(method, url, error, status, redirect_location),)
    
        new_retry = self.new(
            total=total,
            connect=connect, read=read, redirect=redirect, status=status_count,
            history=history)
    
        if new_retry.is_exhausted():
>           raise MaxRetryError(_pool, url, error or ResponseError(cause))
E           urllib3.exceptions.MaxRetryError: HTTPSConnectionPool(host='newsapi.org', port=443): Max retries exceeded with url: /v2/top-headlines?country=US&apiKey=eb4ad8625c5b4f57bb62f8c95601038a (Caused by NewConnectionError('<urllib3.connection.VerifiedHTTPSConnection object at 0x1a18b8a128>: Failed to establish a new connection: [Errno 8] nodename nor servname provided, or not known',))

/anaconda3/lib/python3.6/site-packages/urllib3/util/retry.py:388: MaxRetryError

During handling of the above exception, another exception occurred:

self = <test_news_server_search.FlaskClientTest testMethod=test_search_source_2>

    def setUp(self):
>       self.app = create_app()

tests/test_news_server_search.py:16: 
_ _ _ _ _ _ _ _ _ _ _ _ _ _ _ _ _ _ _ _ _ _ _ _ _ _ _ _ _ _ _ _ _ _ _ _ _ _ _ _ 
news_server.py:28: in create_app
    update_index(db)
news_server.py:193: in update_index
    r = requests.get('https://newsapi.org/v2/top-headlines', params=payload)
/anaconda3/lib/python3.6/site-packages/requests/api.py:72: in get
    return request('get', url, params=params, **kwargs)
/anaconda3/lib/python3.6/site-packages/requests/api.py:58: in request
    return session.request(method=method, url=url, **kwargs)
/anaconda3/lib/python3.6/site-packages/requests/sessions.py:508: in request
    resp = self.send(prep, **send_kwargs)
/anaconda3/lib/python3.6/site-packages/requests/sessions.py:618: in send
    r = adapter.send(request, **kwargs)
_ _ _ _ _ _ _ _ _ _ _ _ _ _ _ _ _ _ _ _ _ _ _ _ _ _ _ _ _ _ _ _ _ _ _ _ _ _ _ _ 

self = <requests.adapters.HTTPAdapter object at 0x1a18b8a048>
request = <PreparedRequest [GET]>, stream = False
timeout = <urllib3.util.timeout.Timeout object at 0x1a18b8af28>, verify = True
cert = None, proxies = OrderedDict()

    def send(self, request, stream=False, timeout=None, verify=True, cert=None, proxies=None):
        """Sends PreparedRequest object. Returns Response object.
    
            :param request: The :class:`PreparedRequest <PreparedRequest>` being sent.
            :param stream: (optional) Whether to stream the request content.
            :param timeout: (optional) How long to wait for the server to send
                data before giving up, as a float, or a :ref:`(connect timeout,
                read timeout) <timeouts>` tuple.
            :type timeout: float or tuple or urllib3 Timeout object
            :param verify: (optional) Either a boolean, in which case it controls whether
                we verify the server's TLS certificate, or a string, in which case it
                must be a path to a CA bundle to use
            :param cert: (optional) Any user-provided SSL certificate to be trusted.
            :param proxies: (optional) The proxies dictionary to apply to the request.
            :rtype: requests.Response
            """
    
        conn = self.get_connection(request.url, proxies)
    
        self.cert_verify(conn, request.url, verify, cert)
        url = self.request_url(request, proxies)
        self.add_headers(request)
    
        chunked = not (request.body is None or 'Content-Length' in request.headers)
    
        if isinstance(timeout, tuple):
            try:
                connect, read = timeout
                timeout = TimeoutSauce(connect=connect, read=read)
            except ValueError as e:
                # this may raise a string formatting error.
                err = ("Invalid timeout {0}. Pass a (connect, read) "
                       "timeout tuple, or a single float to set "
                       "both timeouts to the same value".format(timeout))
                raise ValueError(err)
        elif isinstance(timeout, TimeoutSauce):
            pass
        else:
            timeout = TimeoutSauce(connect=timeout, read=timeout)
    
        try:
            if not chunked:
                resp = conn.urlopen(
                    method=request.method,
                    url=url,
                    body=request.body,
                    headers=request.headers,
                    redirect=False,
                    assert_same_host=False,
                    preload_content=False,
                    decode_content=False,
                    retries=self.max_retries,
                    timeout=timeout
                )
    
            # Send the request.
            else:
                if hasattr(conn, 'proxy_pool'):
                    conn = conn.proxy_pool
    
                low_conn = conn._get_conn(timeout=DEFAULT_POOL_TIMEOUT)
    
                try:
                    low_conn.putrequest(request.method,
                                        url,
                                        skip_accept_encoding=True)
    
                    for header, value in request.headers.items():
                        low_conn.putheader(header, value)
    
                    low_conn.endheaders()
    
                    for i in request.body:
                        low_conn.send(hex(len(i))[2:].encode('utf-8'))
                        low_conn.send(b'\r\n')
                        low_conn.send(i)
                        low_conn.send(b'\r\n')
                    low_conn.send(b'0\r\n\r\n')
    
                    # Receive the response from the server
                    try:
                        # For Python 2.7+ versions, use buffering of HTTP
                        # responses
                        r = low_conn.getresponse(buffering=True)
                    except TypeError:
                        # For compatibility with Python 2.6 versions and back
                        r = low_conn.getresponse()
    
                    resp = HTTPResponse.from_httplib(
                        r,
                        pool=conn,
                        connection=low_conn,
                        preload_content=False,
                        decode_content=False
                    )
                except:
                    # If we hit any problems here, clean up the connection.
                    # Then, reraise so that we can handle the actual exception.
                    low_conn.close()
                    raise
    
        except (ProtocolError, socket.error) as err:
            raise ConnectionError(err, request=request)
    
        except MaxRetryError as e:
            if isinstance(e.reason, ConnectTimeoutError):
                # TODO: Remove this in 3.0.0: see #2811
                if not isinstance(e.reason, NewConnectionError):
                    raise ConnectTimeout(e, request=request)
    
            if isinstance(e.reason, ResponseError):
                raise RetryError(e, request=request)
    
            if isinstance(e.reason, _ProxyError):
                raise ProxyError(e, request=request)
    
            if isinstance(e.reason, _SSLError):
                # This branch is for urllib3 v1.22 and later.
                raise SSLError(e, request=request)
    
>           raise ConnectionError(e, request=request)
E           requests.exceptions.ConnectionError: HTTPSConnectionPool(host='newsapi.org', port=443): Max retries exceeded with url: /v2/top-headlines?country=US&apiKey=eb4ad8625c5b4f57bb62f8c95601038a (Caused by NewConnectionError('<urllib3.connection.VerifiedHTTPSConnection object at 0x1a18b8a128>: Failed to establish a new connection: [Errno 8] nodename nor servname provided, or not known',))

/anaconda3/lib/python3.6/site-packages/requests/adapters.py:508: ConnectionError
----------------------------- Captured stdout call -----------------------------
create app
updating main page...
------------------------------ Captured log call -------------------------------
connectionpool.py          824 DEBUG    Starting new HTTPS connection (1): newsapi.org
==================== 14 failed, 23 passed in 191.51 seconds ====================
